[0.570s] Invoking command in '/root/ws/src/py_pubsub': PYTHONPATH=/root/ws/build/py_pubsub/prefix_override:/root/ws/install/py_pubsub/lib/python3.10/site-packages:${PYTHONPATH} /usr/bin/python3 setup.py egg_info --egg-base ../../build/py_pubsub build --build-base /root/ws/build/py_pubsub/build install --record /root/ws/build/py_pubsub/install.log --single-version-externally-managed
[0.770s] running egg_info
[0.771s] creating ../../build/py_pubsub/py_pubsub.egg-info
[0.771s] writing ../../build/py_pubsub/py_pubsub.egg-info/PKG-INFO
[0.772s] writing dependency_links to ../../build/py_pubsub/py_pubsub.egg-info/dependency_links.txt
[0.772s] writing entry points to ../../build/py_pubsub/py_pubsub.egg-info/entry_points.txt
[0.772s] writing requirements to ../../build/py_pubsub/py_pubsub.egg-info/requires.txt
[0.772s] writing top-level names to ../../build/py_pubsub/py_pubsub.egg-info/top_level.txt
[0.772s] writing manifest file '../../build/py_pubsub/py_pubsub.egg-info/SOURCES.txt'
[0.774s] reading manifest file '../../build/py_pubsub/py_pubsub.egg-info/SOURCES.txt'
[0.775s] writing manifest file '../../build/py_pubsub/py_pubsub.egg-info/SOURCES.txt'
[0.775s] running build
[0.776s] running build_py
[0.776s] creating /root/ws/build/py_pubsub/build
[0.776s] creating /root/ws/build/py_pubsub/build/lib
[0.776s] creating /root/ws/build/py_pubsub/build/lib/py_pubsub
[0.776s] copying py_pubsub/subscriber_member_function.py -> /root/ws/build/py_pubsub/build/lib/py_pubsub
[0.776s] copying py_pubsub/__init__.py -> /root/ws/build/py_pubsub/build/lib/py_pubsub
[0.776s] copying py_pubsub/publisher_member_function.py -> /root/ws/build/py_pubsub/build/lib/py_pubsub
[0.776s] running install
[0.777s] /usr/lib/python3/dist-packages/setuptools/command/install.py:34: SetuptoolsDeprecationWarning: setup.py install is deprecated. Use build and pip and other standards-based tools.
[0.777s]   warnings.warn(
[0.777s] running install_lib
[0.778s] creating /root/ws/install/py_pubsub/lib/python3.10/site-packages/py_pubsub
[0.778s] copying /root/ws/build/py_pubsub/build/lib/py_pubsub/subscriber_member_function.py -> /root/ws/install/py_pubsub/lib/python3.10/site-packages/py_pubsub
[0.778s] copying /root/ws/build/py_pubsub/build/lib/py_pubsub/__init__.py -> /root/ws/install/py_pubsub/lib/python3.10/site-packages/py_pubsub
[0.778s] copying /root/ws/build/py_pubsub/build/lib/py_pubsub/publisher_member_function.py -> /root/ws/install/py_pubsub/lib/python3.10/site-packages/py_pubsub
[0.779s] byte-compiling /root/ws/install/py_pubsub/lib/python3.10/site-packages/py_pubsub/subscriber_member_function.py to subscriber_member_function.cpython-310.pyc
[0.780s] byte-compiling /root/ws/install/py_pubsub/lib/python3.10/site-packages/py_pubsub/__init__.py to __init__.cpython-310.pyc
[0.780s] byte-compiling /root/ws/install/py_pubsub/lib/python3.10/site-packages/py_pubsub/publisher_member_function.py to publisher_member_function.cpython-310.pyc
[0.780s] running install_data
[0.781s] creating /root/ws/install/py_pubsub/share/ament_index
[0.781s] creating /root/ws/install/py_pubsub/share/ament_index/resource_index
[0.781s] creating /root/ws/install/py_pubsub/share/ament_index/resource_index/packages
[0.781s] copying resource/py_pubsub -> /root/ws/install/py_pubsub/share/ament_index/resource_index/packages
[0.781s] copying package.xml -> /root/ws/install/py_pubsub/share/py_pubsub
[0.782s] running install_egg_info
[0.783s] Copying ../../build/py_pubsub/py_pubsub.egg-info to /root/ws/install/py_pubsub/lib/python3.10/site-packages/py_pubsub-0.0.0-py3.10.egg-info
[0.784s] running install_scripts
[0.806s] Installing listener script to /root/ws/install/py_pubsub/lib/py_pubsub
[0.806s] Installing talker script to /root/ws/install/py_pubsub/lib/py_pubsub
[0.807s] writing list of installed files to '/root/ws/build/py_pubsub/install.log'
[0.836s] Invoked command in '/root/ws/src/py_pubsub' returned '0': PYTHONPATH=/root/ws/build/py_pubsub/prefix_override:/root/ws/install/py_pubsub/lib/python3.10/site-packages:${PYTHONPATH} /usr/bin/python3 setup.py egg_info --egg-base ../../build/py_pubsub build --build-base /root/ws/build/py_pubsub/build install --record /root/ws/build/py_pubsub/install.log --single-version-externally-managed
