[0.017s] Invoking command in '/root/ws/build/turtlesim': CMAKE_PREFIX_PATH=/opt/ros/humble /usr/bin/cmake /root/ws/src/ros_tutorials/turtlesim -DCMAKE_INSTALL_PREFIX=/root/ws/install/turtlesim
[0.069s] -- The C compiler identification is GNU 11.3.0
[0.126s] -- The CXX compiler identification is GNU 11.3.0
[0.133s] -- Detecting C compiler ABI info
[0.194s] -- Detecting C compiler ABI info - done
[0.201s] -- Check for working C compiler: /usr/bin/cc - skipped
[0.201s] -- Detecting C compile features
[0.202s] -- Detecting C compile features - done
[0.207s] -- Detecting CXX compiler ABI info
[0.281s] -- Detecting CXX compiler ABI info - done
[0.288s] -- Check for working CXX compiler: /usr/bin/c++ - skipped
[0.288s] -- Detecting CXX compile features
[0.289s] -- Detecting CXX compile features - done
[0.291s] -- Found ament_cmake: 1.3.2 (/opt/ros/humble/share/ament_cmake/cmake)
[0.456s] -- Found Python3: /usr/bin/python3.10 (found version "3.10.6") found components: Interpreter 
[0.549s] -- Found ament_index_cpp: 1.4.0 (/opt/ros/humble/share/ament_index_cpp/cmake)
[0.551s] -- Found geometry_msgs: 4.2.2 (/opt/ros/humble/share/geometry_msgs/cmake)
[0.591s] -- Found rosidl_generator_c: 3.1.3 (/opt/ros/humble/share/rosidl_generator_c/cmake)
[0.597s] -- Found rosidl_adapter: 3.1.3 (/opt/ros/humble/share/rosidl_adapter/cmake)
[0.608s] -- Found rosidl_generator_cpp: 3.1.3 (/opt/ros/humble/share/rosidl_generator_cpp/cmake)
[0.624s] -- Using all available rosidl_typesupport_c: rosidl_typesupport_fastrtps_c;rosidl_typesupport_introspection_c
[0.645s] -- Using all available rosidl_typesupport_cpp: rosidl_typesupport_fastrtps_cpp;rosidl_typesupport_introspection_cpp
[0.787s] -- Found rclcpp: 16.0.1 (/opt/ros/humble/share/rclcpp/cmake)
[0.849s] -- Found rmw_implementation_cmake: 6.1.0 (/opt/ros/humble/share/rmw_implementation_cmake/cmake)
[0.852s] -- Found rmw_fastrtps_cpp: 6.2.1 (/opt/ros/humble/share/rmw_fastrtps_cpp/cmake)
[0.948s] -- Found OpenSSL: /usr/lib/x86_64-linux-gnu/libcrypto.so (found version "3.0.2")  
[0.974s] -- Found FastRTPS: /opt/ros/humble/include  
[1.024s] -- Using RMW implementation 'rmw_fastrtps_cpp' as default
[1.174s] -- Found rclcpp_action: 16.0.1 (/opt/ros/humble/share/rclcpp_action/cmake)
[1.282s] -- Found rosidl_default_generators: 1.2.0 (/opt/ros/humble/share/rosidl_default_generators/cmake)
[1.292s] -- Found std_srvs: 4.2.2 (/opt/ros/humble/share/std_srvs/cmake)
[1.641s] -- Found ament_cmake_ros: 0.10.0 (/opt/ros/humble/share/ament_cmake_ros/cmake)
[1.955s] -- Using all available rosidl_typesupport_c: rosidl_typesupport_fastrtps_c;rosidl_typesupport_introspection_c
[2.087s] -- Using all available rosidl_typesupport_cpp: rosidl_typesupport_fastrtps_cpp;rosidl_typesupport_introspection_cpp
[2.110s] -- Found PythonInterp: /usr/bin/python3 (found suitable version "3.10.6", minimum required is "3.6") 
[2.112s] -- Found python_cmake_module: 0.10.0 (/opt/ros/humble/share/python_cmake_module/cmake)
[2.137s] -- Found PythonLibs: /usr/lib/x86_64-linux-gnu/libpython3.10.so (found suitable version "3.10.6", minimum required is "3.5") 
[2.137s] -- Using PYTHON_EXECUTABLE: /usr/bin/python3
[2.137s] -- Using PYTHON_INCLUDE_DIRS: /usr/include/python3.10
[2.137s] -- Using PYTHON_LIBRARIES: /usr/lib/x86_64-linux-gnu/libpython3.10.so
[2.158s] -- Found PythonExtra: .so  
[2.228s] -- Configuring done
[2.334s] -- Generating done
[2.341s] -- Build files have been written to: /root/ws/build/turtlesim
[2.357s] Invoked command in '/root/ws/build/turtlesim' returned '0': CMAKE_PREFIX_PATH=/opt/ros/humble /usr/bin/cmake /root/ws/src/ros_tutorials/turtlesim -DCMAKE_INSTALL_PREFIX=/root/ws/install/turtlesim
[2.359s] Invoking command in '/root/ws/build/turtlesim': CMAKE_PREFIX_PATH=/opt/ros/humble /usr/bin/cmake --build /root/ws/build/turtlesim -- -j8 -l8
[2.400s] [  1%] [34m[1mGenerating C code for ROS interfaces[0m
[2.408s] [  2%] [34m[1mGenerating C++ code for ROS interfaces[0m
[2.416s] [  2%] Built target ament_cmake_python_copy_turtlesim
[2.657s] running egg_info
[2.657s] creating turtlesim.egg-info
[2.658s] writing turtlesim.egg-info/PKG-INFO
[2.658s] writing dependency_links to turtlesim.egg-info/dependency_links.txt
[2.658s] writing top-level names to turtlesim.egg-info/top_level.txt
[2.658s] writing manifest file 'turtlesim.egg-info/SOURCES.txt'
[2.661s] reading manifest file 'turtlesim.egg-info/SOURCES.txt'
[2.661s] writing manifest file 'turtlesim.egg-info/SOURCES.txt'
[2.685s] [  2%] Built target ament_cmake_python_build_turtlesim_egg
[3.587s] [  3%] [32mBuilding C object CMakeFiles/turtlesim__rosidl_generator_c.dir/rosidl_generator_c/turtlesim/srv/detail/kill__functions.c.o[0m
[3.588s] [  4%] [32mBuilding C object CMakeFiles/turtlesim__rosidl_generator_c.dir/rosidl_generator_c/turtlesim/msg/detail/color__functions.c.o[0m
[3.588s] [  5%] [32mBuilding C object CMakeFiles/turtlesim__rosidl_generator_c.dir/rosidl_generator_c/turtlesim/srv/detail/set_pen__functions.c.o[0m
[3.589s] [  6%] [32mBuilding C object CMakeFiles/turtlesim__rosidl_generator_c.dir/rosidl_generator_c/turtlesim/action/detail/rotate_absolute__functions.c.o[0m
[3.589s] [  7%] [32mBuilding C object CMakeFiles/turtlesim__rosidl_generator_c.dir/rosidl_generator_c/turtlesim/srv/detail/spawn__functions.c.o[0m
[3.592s] [  8%] [32mBuilding C object CMakeFiles/turtlesim__rosidl_generator_c.dir/rosidl_generator_c/turtlesim/msg/detail/pose__functions.c.o[0m
[3.599s] [  9%] [32mBuilding C object CMakeFiles/turtlesim__rosidl_generator_c.dir/rosidl_generator_c/turtlesim/srv/detail/teleport_absolute__functions.c.o[0m
[3.671s] [ 10%] [32mBuilding C object CMakeFiles/turtlesim__rosidl_generator_c.dir/rosidl_generator_c/turtlesim/srv/detail/teleport_relative__functions.c.o[0m
[3.724s] [ 10%] Built target turtlesim__cpp
[3.737s] [ 12%] [34m[1mGenerating C++ type support dispatch for ROS interfaces[0m
[3.738s] [ 13%] [34m[1mGenerating C++ type support for eProsima Fast-RTPS[0m
[3.740s] [ 13%] [34m[1mGenerating C++ introspection for ROS interfaces[0m
[3.788s] [ 14%] [32m[1mLinking C shared library libturtlesim__rosidl_generator_c.so[0m
[3.830s] [ 14%] Built target turtlesim__rosidl_generator_c
[3.839s] [ 15%] [34m[1mGenerating C type support for eProsima Fast-RTPS[0m
[3.843s] [ 16%] [34m[1mGenerating C introspection for ROS interfaces[0m
[3.843s] [ 17%] [34m[1mGenerating C type support dispatch for ROS interfaces[0m
[4.499s] [ 18%] [32mBuilding CXX object CMakeFiles/turtlesim__rosidl_typesupport_cpp.dir/rosidl_typesupport_cpp/turtlesim/msg/color__type_support.cpp.o[0m
[4.499s] [ 19%] [32mBuilding CXX object CMakeFiles/turtlesim__rosidl_typesupport_cpp.dir/rosidl_typesupport_cpp/turtlesim/msg/pose__type_support.cpp.o[0m
[4.499s] [ 20%] [32mBuilding CXX object CMakeFiles/turtlesim__rosidl_typesupport_cpp.dir/rosidl_typesupport_cpp/turtlesim/action/rotate_absolute__type_support.cpp.o[0m
[4.866s] [ 21%] [32mBuilding CXX object CMakeFiles/turtlesim__rosidl_typesupport_c.dir/rosidl_typesupport_c/turtlesim/action/rotate_absolute__type_support.cpp.o[0m
[4.943s] [ 22%] [32mBuilding CXX object CMakeFiles/turtlesim__rosidl_typesupport_c.dir/rosidl_typesupport_c/turtlesim/msg/color__type_support.cpp.o[0m
[4.962s] [ 23%] [32mBuilding CXX object CMakeFiles/turtlesim__rosidl_typesupport_cpp.dir/rosidl_typesupport_cpp/turtlesim/srv/set_pen__type_support.cpp.o[0m
[4.962s] [ 24%] [32mBuilding CXX object CMakeFiles/turtlesim__rosidl_typesupport_cpp.dir/rosidl_typesupport_cpp/turtlesim/srv/kill__type_support.cpp.o[0m
[4.992s] [ 25%] [32mBuilding CXX object CMakeFiles/turtlesim__rosidl_typesupport_c.dir/rosidl_typesupport_c/turtlesim/msg/pose__type_support.cpp.o[0m
[5.010s] [ 26%] [32mBuilding CXX object CMakeFiles/turtlesim__rosidl_typesupport_introspection_cpp.dir/rosidl_typesupport_introspection_cpp/turtlesim/action/detail/rotate_absolute__type_support.cpp.o[0m
[5.043s] [ 27%] [32mBuilding CXX object CMakeFiles/turtlesim__rosidl_typesupport_c.dir/rosidl_typesupport_c/turtlesim/srv/kill__type_support.cpp.o[0m
[5.091s] [ 28%] [32mBuilding CXX object CMakeFiles/turtlesim__rosidl_typesupport_c.dir/rosidl_typesupport_c/turtlesim/srv/set_pen__type_support.cpp.o[0m
[5.142s] [ 29%] [32mBuilding CXX object CMakeFiles/turtlesim__rosidl_typesupport_c.dir/rosidl_typesupport_c/turtlesim/srv/spawn__type_support.cpp.o[0m
[5.193s] [ 30%] [32mBuilding CXX object CMakeFiles/turtlesim__rosidl_typesupport_c.dir/rosidl_typesupport_c/turtlesim/srv/teleport_absolute__type_support.cpp.o[0m
[5.242s] [ 31%] [32mBuilding CXX object CMakeFiles/turtlesim__rosidl_typesupport_c.dir/rosidl_typesupport_c/turtlesim/srv/teleport_relative__type_support.cpp.o[0m
[5.279s] [ 32%] [32mBuilding CXX object CMakeFiles/turtlesim__rosidl_typesupport_cpp.dir/rosidl_typesupport_cpp/turtlesim/srv/spawn__type_support.cpp.o[0m
[5.294s] [ 33%] [32m[1mLinking CXX shared library libturtlesim__rosidl_typesupport_c.so[0m
[5.344s] [ 34%] [32mBuilding C object CMakeFiles/turtlesim__rosidl_typesupport_introspection_c.dir/rosidl_typesupport_introspection_c/turtlesim/action/detail/rotate_absolute__type_support.c.o[0m
[5.351s] [ 35%] [32mBuilding CXX object CMakeFiles/turtlesim__rosidl_typesupport_fastrtps_cpp.dir/rosidl_typesupport_fastrtps_cpp/turtlesim/action/detail/dds_fastrtps/rotate_absolute__type_support.cpp.o[0m
[5.355s] [ 35%] Built target turtlesim__rosidl_typesupport_c
[5.367s] [ 36%] [32mBuilding CXX object CMakeFiles/turtlesim__rosidl_typesupport_fastrtps_cpp.dir/rosidl_typesupport_fastrtps_cpp/turtlesim/msg/detail/dds_fastrtps/color__type_support.cpp.o[0m
[5.419s] [ 37%] [32mBuilding C object CMakeFiles/turtlesim__rosidl_typesupport_introspection_c.dir/rosidl_typesupport_introspection_c/turtlesim/msg/detail/color__type_support.c.o[0m
[5.440s] [ 38%] [32mBuilding CXX object CMakeFiles/turtlesim__rosidl_typesupport_fastrtps_c.dir/rosidl_typesupport_fastrtps_c/turtlesim/action/detail/rotate_absolute__type_support_c.cpp.o[0m
[5.443s] [ 39%] [32mBuilding C object CMakeFiles/turtlesim__rosidl_typesupport_introspection_c.dir/rosidl_typesupport_introspection_c/turtlesim/msg/detail/pose__type_support.c.o[0m
[5.453s] [ 40%] [32mBuilding CXX object CMakeFiles/turtlesim__rosidl_typesupport_cpp.dir/rosidl_typesupport_cpp/turtlesim/srv/teleport_absolute__type_support.cpp.o[0m
[5.476s] [ 41%] [32mBuilding C object CMakeFiles/turtlesim__rosidl_typesupport_introspection_c.dir/rosidl_typesupport_introspection_c/turtlesim/srv/detail/kill__type_support.c.o[0m
[5.500s] [ 42%] [32mBuilding C object CMakeFiles/turtlesim__rosidl_typesupport_introspection_c.dir/rosidl_typesupport_introspection_c/turtlesim/srv/detail/set_pen__type_support.c.o[0m
[5.539s] [ 43%] [32mBuilding C object CMakeFiles/turtlesim__rosidl_typesupport_introspection_c.dir/rosidl_typesupport_introspection_c/turtlesim/srv/detail/spawn__type_support.c.o[0m
[5.558s] [ 44%] [32mBuilding C object CMakeFiles/turtlesim__rosidl_typesupport_introspection_c.dir/rosidl_typesupport_introspection_c/turtlesim/srv/detail/teleport_absolute__type_support.c.o[0m
[5.595s] [ 45%] [32mBuilding C object CMakeFiles/turtlesim__rosidl_typesupport_introspection_c.dir/rosidl_typesupport_introspection_c/turtlesim/srv/detail/teleport_relative__type_support.c.o[0m
[5.616s] [ 46%] [32mBuilding CXX object CMakeFiles/turtlesim__rosidl_typesupport_cpp.dir/rosidl_typesupport_cpp/turtlesim/srv/teleport_relative__type_support.cpp.o[0m
[5.651s] [ 47%] [32m[1mLinking C shared library libturtlesim__rosidl_typesupport_introspection_c.so[0m
[5.701s] [ 47%] Built target turtlesim__rosidl_typesupport_introspection_c
[5.712s] [ 48%] [32mBuilding CXX object CMakeFiles/turtlesim__rosidl_typesupport_fastrtps_c.dir/rosidl_typesupport_fastrtps_c/turtlesim/msg/detail/color__type_support_c.cpp.o[0m
[5.763s] [ 49%] [32mBuilding CXX object CMakeFiles/turtlesim__rosidl_typesupport_fastrtps_c.dir/rosidl_typesupport_fastrtps_c/turtlesim/msg/detail/pose__type_support_c.cpp.o[0m
[5.907s] [ 50%] [32mBuilding CXX object CMakeFiles/turtlesim__rosidl_typesupport_fastrtps_c.dir/rosidl_typesupport_fastrtps_c/turtlesim/srv/detail/kill__type_support_c.cpp.o[0m
[6.000s] [ 51%] [32mBuilding CXX object CMakeFiles/turtlesim__rosidl_typesupport_introspection_cpp.dir/rosidl_typesupport_introspection_cpp/turtlesim/msg/detail/color__type_support.cpp.o[0m
[6.096s] [ 52%] [32mBuilding CXX object CMakeFiles/turtlesim__rosidl_typesupport_fastrtps_cpp.dir/rosidl_typesupport_fastrtps_cpp/turtlesim/msg/detail/dds_fastrtps/pose__type_support.cpp.o[0m
[6.112s] [ 53%] [32m[1mLinking CXX shared library libturtlesim__rosidl_typesupport_cpp.so[0m
[6.176s] [ 54%] [32mBuilding CXX object CMakeFiles/turtlesim__rosidl_typesupport_fastrtps_c.dir/rosidl_typesupport_fastrtps_c/turtlesim/srv/detail/set_pen__type_support_c.cpp.o[0m
[6.186s] [ 54%] Built target turtlesim__rosidl_typesupport_cpp
[6.203s] [ 55%] [34m[1mGenerating include/turtlesim/moc_turtle_frame.cpp[0m
[6.281s] [ 56%] [32mBuilding CXX object CMakeFiles/turtlesim__rosidl_typesupport_fastrtps_c.dir/rosidl_typesupport_fastrtps_c/turtlesim/srv/detail/spawn__type_support_c.cpp.o[0m
[6.307s] [ 57%] [32mBuilding CXX object CMakeFiles/turtle_teleop_key.dir/tutorials/teleop_turtle_key.cpp.o[0m
[6.333s] [ 58%] [32mBuilding CXX object CMakeFiles/turtlesim_node.dir/src/turtlesim.cpp.o[0m
[6.345s] [ 59%] [32mBuilding CXX object CMakeFiles/turtlesim__rosidl_typesupport_fastrtps_c.dir/rosidl_typesupport_fastrtps_c/turtlesim/srv/detail/teleport_absolute__type_support_c.cpp.o[0m
[6.546s] [ 60%] [32mBuilding CXX object CMakeFiles/turtlesim__rosidl_typesupport_fastrtps_c.dir/rosidl_typesupport_fastrtps_c/turtlesim/srv/detail/teleport_relative__type_support_c.cpp.o[0m
[6.689s] [ 61%] [32mBuilding CXX object CMakeFiles/turtlesim__rosidl_typesupport_introspection_cpp.dir/rosidl_typesupport_introspection_cpp/turtlesim/msg/detail/pose__type_support.cpp.o[0m
[6.799s] [ 62%] [32mBuilding CXX object CMakeFiles/turtlesim__rosidl_typesupport_introspection_cpp.dir/rosidl_typesupport_introspection_cpp/turtlesim/srv/detail/kill__type_support.cpp.o[0m
[6.811s] [ 63%] [32mBuilding CXX object CMakeFiles/turtlesim__rosidl_typesupport_fastrtps_cpp.dir/rosidl_typesupport_fastrtps_cpp/turtlesim/srv/detail/dds_fastrtps/kill__type_support.cpp.o[0m
[6.903s] [ 64%] [32mBuilding CXX object CMakeFiles/turtlesim__rosidl_typesupport_fastrtps_cpp.dir/rosidl_typesupport_fastrtps_cpp/turtlesim/srv/detail/dds_fastrtps/set_pen__type_support.cpp.o[0m
[6.963s] [ 65%] [32mBuilding CXX object CMakeFiles/turtlesim__rosidl_typesupport_fastrtps_cpp.dir/rosidl_typesupport_fastrtps_cpp/turtlesim/srv/detail/dds_fastrtps/spawn__type_support.cpp.o[0m
[7.189s] [ 66%] [32m[1mLinking CXX shared library libturtlesim__rosidl_typesupport_fastrtps_c.so[0m
[7.329s] [ 66%] Built target turtlesim__rosidl_typesupport_fastrtps_c
[7.358s] [ 67%] [32mBuilding CXX object CMakeFiles/draw_square.dir/tutorials/draw_square.cpp.o[0m
[7.382s] [ 68%] [32mBuilding CXX object CMakeFiles/turtlesim__rosidl_typesupport_introspection_cpp.dir/rosidl_typesupport_introspection_cpp/turtlesim/srv/detail/set_pen__type_support.cpp.o[0m
[7.476s] [ 69%] [32mBuilding CXX object CMakeFiles/turtlesim__rosidl_typesupport_introspection_cpp.dir/rosidl_typesupport_introspection_cpp/turtlesim/srv/detail/spawn__type_support.cpp.o[0m
[7.572s] [ 70%] [32mBuilding CXX object CMakeFiles/turtlesim__rosidl_typesupport_fastrtps_cpp.dir/rosidl_typesupport_fastrtps_cpp/turtlesim/srv/detail/dds_fastrtps/teleport_absolute__type_support.cpp.o[0m
[7.614s] [ 71%] [32mBuilding CXX object CMakeFiles/turtlesim__rosidl_typesupport_fastrtps_cpp.dir/rosidl_typesupport_fastrtps_cpp/turtlesim/srv/detail/dds_fastrtps/teleport_relative__type_support.cpp.o[0m
[7.707s] [ 72%] [32mBuilding CXX object CMakeFiles/turtlesim__rosidl_typesupport_introspection_cpp.dir/rosidl_typesupport_introspection_cpp/turtlesim/srv/detail/teleport_absolute__type_support.cpp.o[0m
[8.113s] [ 73%] [32mBuilding CXX object CMakeFiles/turtlesim__rosidl_typesupport_introspection_cpp.dir/rosidl_typesupport_introspection_cpp/turtlesim/srv/detail/teleport_relative__type_support.cpp.o[0m
[8.195s] [ 74%] [32mBuilding CXX object CMakeFiles/mimic.dir/tutorials/mimic.cpp.o[0m
[8.350s] [ 75%] [32mBuilding CXX object CMakeFiles/turtlesim_node.dir/src/turtle.cpp.o[0m
[8.434s] [ 76%] [32m[1mLinking CXX shared library libturtlesim__rosidl_typesupport_fastrtps_cpp.so[0m
[8.500s] [ 77%] [32mBuilding CXX object CMakeFiles/turtlesim_node.dir/src/turtle_frame.cpp.o[0m
[8.608s] [ 77%] Built target turtlesim__rosidl_typesupport_fastrtps_cpp
[8.633s] [ 78%] [32mBuilding CXX object CMakeFiles/turtlesim_node.dir/include/turtlesim/moc_turtle_frame.cpp.o[0m
[8.931s] [ 79%] [32m[1mLinking CXX shared library libturtlesim__rosidl_typesupport_introspection_cpp.so[0m
[9.089s] [ 79%] Built target turtlesim__rosidl_typesupport_introspection_cpp
[9.119s] [ 79%] Built target turtlesim
[9.151s] [ 80%] [34m[1mGenerating Python code for ROS interfaces[0m
[13.474s] [ 80%] Built target turtlesim__py
[13.509s] [ 81%] [32mBuilding C object CMakeFiles/turtlesim__rosidl_generator_py.dir/rosidl_generator_py/turtlesim/action/_rotate_absolute_s.c.o[0m
[13.834s] [ 82%] [32mBuilding C object CMakeFiles/turtlesim__rosidl_generator_py.dir/rosidl_generator_py/turtlesim/msg/_color_s.c.o[0m
[14.045s] [ 83%] [32mBuilding C object CMakeFiles/turtlesim__rosidl_generator_py.dir/rosidl_generator_py/turtlesim/msg/_pose_s.c.o[0m
[14.269s] [ 84%] [32mBuilding C object CMakeFiles/turtlesim__rosidl_generator_py.dir/rosidl_generator_py/turtlesim/srv/_kill_s.c.o[0m
[14.482s] [ 85%] [32mBuilding C object CMakeFiles/turtlesim__rosidl_generator_py.dir/rosidl_generator_py/turtlesim/srv/_set_pen_s.c.o[0m
[14.674s] [ 86%] [32mBuilding C object CMakeFiles/turtlesim__rosidl_generator_py.dir/rosidl_generator_py/turtlesim/srv/_spawn_s.c.o[0m
[14.863s] [ 87%] [32mBuilding C object CMakeFiles/turtlesim__rosidl_generator_py.dir/rosidl_generator_py/turtlesim/srv/_teleport_absolute_s.c.o[0m
[15.074s] [ 88%] [32mBuilding C object CMakeFiles/turtlesim__rosidl_generator_py.dir/rosidl_generator_py/turtlesim/srv/_teleport_relative_s.c.o[0m
[15.278s] [ 89%] [32m[1mLinking C shared library rosidl_generator_py/turtlesim/libturtlesim__rosidl_generator_py.so[0m
[15.355s] [ 89%] Built target turtlesim__rosidl_generator_py
[15.393s] [ 90%] [32mBuilding C object CMakeFiles/turtlesim__rosidl_typesupport_introspection_c__pyext.dir/rosidl_generator_py/turtlesim/_turtlesim_s.ep.rosidl_typesupport_introspection_c.c.o[0m
[15.393s] [ 91%] [32mBuilding C object CMakeFiles/turtlesim__rosidl_typesupport_fastrtps_c__pyext.dir/rosidl_generator_py/turtlesim/_turtlesim_s.ep.rosidl_typesupport_fastrtps_c.c.o[0m
[15.697s] [ 92%] [32m[1mLinking C shared library rosidl_generator_py/turtlesim/turtlesim_s__rosidl_typesupport_introspection_c.cpython-310-x86_64-linux-gnu.so[0m
[15.719s] [ 93%] [32m[1mLinking C shared library rosidl_generator_py/turtlesim/turtlesim_s__rosidl_typesupport_fastrtps_c.cpython-310-x86_64-linux-gnu.so[0m
[15.767s] [ 93%] Built target turtlesim__rosidl_typesupport_introspection_c__pyext
[15.796s] [ 93%] Built target turtlesim__rosidl_typesupport_fastrtps_c__pyext
[15.802s] [ 94%] [32mBuilding C object CMakeFiles/turtlesim__rosidl_typesupport_c__pyext.dir/rosidl_generator_py/turtlesim/_turtlesim_s.ep.rosidl_typesupport_c.c.o[0m
[16.124s] [ 95%] [32m[1mLinking C shared library rosidl_generator_py/turtlesim/turtlesim_s__rosidl_typesupport_c.cpython-310-x86_64-linux-gnu.so[0m
[16.196s] [ 95%] Built target turtlesim__rosidl_typesupport_c__pyext
[16.816s] [ 96%] [32m[1mLinking CXX executable turtle_teleop_key[0m
[17.305s] [ 96%] Built target turtle_teleop_key
[22.208s] [ 97%] [32m[1mLinking CXX executable mimic[0m
[22.317s] [ 98%] [32m[1mLinking CXX executable draw_square[0m
[22.919s] [ 98%] Built target mimic
[23.025s] [ 98%] Built target draw_square
[26.691s] [100%] [32m[1mLinking CXX executable turtlesim_node[0m
[29.189s] [100%] Built target turtlesim_node
[29.228s] Invoked command in '/root/ws/build/turtlesim' returned '0': CMAKE_PREFIX_PATH=/opt/ros/humble /usr/bin/cmake --build /root/ws/build/turtlesim -- -j8 -l8
[29.411s] Invoking command in '/root/ws/build/turtlesim': CMAKE_PREFIX_PATH=/opt/ros/humble /usr/bin/cmake --install /root/ws/build/turtlesim
[29.420s] -- Install configuration: ""
[29.420s] -- Installing: /root/ws/install/turtlesim/share/ament_index/resource_index/rosidl_interfaces/turtlesim
[29.420s] -- Installing: /root/ws/install/turtlesim/include/turtlesim/turtlesim
[29.420s] -- Installing: /root/ws/install/turtlesim/include/turtlesim/turtlesim/action
[29.420s] -- Installing: /root/ws/install/turtlesim/include/turtlesim/turtlesim/action/detail
[29.420s] -- Installing: /root/ws/install/turtlesim/include/turtlesim/turtlesim/action/detail/rotate_absolute__type_support.h
[29.420s] -- Installing: /root/ws/install/turtlesim/include/turtlesim/turtlesim/action/detail/rotate_absolute__functions.h
[29.420s] -- Installing: /root/ws/install/turtlesim/include/turtlesim/turtlesim/action/detail/rotate_absolute__functions.c
[29.420s] -- Installing: /root/ws/install/turtlesim/include/turtlesim/turtlesim/action/detail/rotate_absolute__struct.h
[29.421s] -- Installing: /root/ws/install/turtlesim/include/turtlesim/turtlesim/action/rotate_absolute.h
[29.421s] -- Installing: /root/ws/install/turtlesim/include/turtlesim/turtlesim/srv
[29.421s] -- Installing: /root/ws/install/turtlesim/include/turtlesim/turtlesim/srv/teleport_relative.h
[29.421s] -- Installing: /root/ws/install/turtlesim/include/turtlesim/turtlesim/srv/set_pen.h
[29.421s] -- Installing: /root/ws/install/turtlesim/include/turtlesim/turtlesim/srv/spawn.h
[29.421s] -- Installing: /root/ws/install/turtlesim/include/turtlesim/turtlesim/srv/detail
[29.421s] -- Installing: /root/ws/install/turtlesim/include/turtlesim/turtlesim/srv/detail/spawn__functions.h
[29.421s] -- Installing: /root/ws/install/turtlesim/include/turtlesim/turtlesim/srv/detail/teleport_absolute__type_support.h
[29.421s] -- Installing: /root/ws/install/turtlesim/include/turtlesim/turtlesim/srv/detail/set_pen__type_support.h
[29.422s] -- Installing: /root/ws/install/turtlesim/include/turtlesim/turtlesim/srv/detail/teleport_absolute__functions.c
[29.422s] -- Installing: /root/ws/install/turtlesim/include/turtlesim/turtlesim/srv/detail/kill__functions.c
[29.422s] -- Installing: /root/ws/install/turtlesim/include/turtlesim/turtlesim/srv/detail/spawn__functions.c
[29.422s] -- Installing: /root/ws/install/turtlesim/include/turtlesim/turtlesim/srv/detail/kill__type_support.h
[29.422s] -- Installing: /root/ws/install/turtlesim/include/turtlesim/turtlesim/srv/detail/set_pen__functions.h
[29.422s] -- Installing: /root/ws/install/turtlesim/include/turtlesim/turtlesim/srv/detail/kill__functions.h
[29.422s] -- Installing: /root/ws/install/turtlesim/include/turtlesim/turtlesim/srv/detail/spawn__struct.h
[29.422s] -- Installing: /root/ws/install/turtlesim/include/turtlesim/turtlesim/srv/detail/set_pen__functions.c
[29.423s] -- Installing: /root/ws/install/turtlesim/include/turtlesim/turtlesim/srv/detail/teleport_relative__functions.h
[29.423s] -- Installing: /root/ws/install/turtlesim/include/turtlesim/turtlesim/srv/detail/spawn__type_support.h
[29.423s] -- Installing: /root/ws/install/turtlesim/include/turtlesim/turtlesim/srv/detail/teleport_absolute__functions.h
[29.423s] -- Installing: /root/ws/install/turtlesim/include/turtlesim/turtlesim/srv/detail/set_pen__struct.h
[29.423s] -- Installing: /root/ws/install/turtlesim/include/turtlesim/turtlesim/srv/detail/teleport_absolute__struct.h
[29.423s] -- Installing: /root/ws/install/turtlesim/include/turtlesim/turtlesim/srv/detail/teleport_relative__type_support.h
[29.423s] -- Installing: /root/ws/install/turtlesim/include/turtlesim/turtlesim/srv/detail/kill__struct.h
[29.423s] -- Installing: /root/ws/install/turtlesim/include/turtlesim/turtlesim/srv/detail/teleport_relative__struct.h
[29.423s] -- Installing: /root/ws/install/turtlesim/include/turtlesim/turtlesim/srv/detail/teleport_relative__functions.c
[29.424s] -- Installing: /root/ws/install/turtlesim/include/turtlesim/turtlesim/srv/teleport_absolute.h
[29.424s] -- Installing: /root/ws/install/turtlesim/include/turtlesim/turtlesim/srv/kill.h
[29.424s] -- Installing: /root/ws/install/turtlesim/include/turtlesim/turtlesim/msg
[29.424s] -- Installing: /root/ws/install/turtlesim/include/turtlesim/turtlesim/msg/pose.h
[29.424s] -- Installing: /root/ws/install/turtlesim/include/turtlesim/turtlesim/msg/color.h
[29.424s] -- Installing: /root/ws/install/turtlesim/include/turtlesim/turtlesim/msg/detail
[29.424s] -- Installing: /root/ws/install/turtlesim/include/turtlesim/turtlesim/msg/detail/color__functions.c
[29.424s] -- Installing: /root/ws/install/turtlesim/include/turtlesim/turtlesim/msg/detail/color__struct.h
[29.424s] -- Installing: /root/ws/install/turtlesim/include/turtlesim/turtlesim/msg/detail/pose__type_support.h
[29.425s] -- Installing: /root/ws/install/turtlesim/include/turtlesim/turtlesim/msg/detail/pose__functions.c
[29.425s] -- Installing: /root/ws/install/turtlesim/include/turtlesim/turtlesim/msg/detail/color__type_support.h
[29.425s] -- Installing: /root/ws/install/turtlesim/include/turtlesim/turtlesim/msg/detail/pose__struct.h
[29.425s] -- Installing: /root/ws/install/turtlesim/include/turtlesim/turtlesim/msg/detail/color__functions.h
[29.425s] -- Installing: /root/ws/install/turtlesim/include/turtlesim/turtlesim/msg/detail/pose__functions.h
[29.425s] -- Installing: /root/ws/install/turtlesim/include/turtlesim/turtlesim/msg/rosidl_generator_c__visibility_control.h
[29.425s] -- Installing: /root/ws/install/turtlesim/share/turtlesim/environment/library_path.sh
[29.426s] -- Installing: /root/ws/install/turtlesim/share/turtlesim/environment/library_path.dsv
[29.426s] -- Installing: /root/ws/install/turtlesim/lib/libturtlesim__rosidl_generator_c.so
[29.427s] -- Set runtime path of "/root/ws/install/turtlesim/lib/libturtlesim__rosidl_generator_c.so" to ""
[29.427s] -- Up-to-date: /root/ws/install/turtlesim/include/turtlesim/turtlesim
[29.427s] -- Up-to-date: /root/ws/install/turtlesim/include/turtlesim/turtlesim/action
[29.427s] -- Up-to-date: /root/ws/install/turtlesim/include/turtlesim/turtlesim/action/detail
[29.427s] -- Installing: /root/ws/install/turtlesim/include/turtlesim/turtlesim/action/detail/rotate_absolute__rosidl_typesupport_fastrtps_c.h
[29.427s] -- Up-to-date: /root/ws/install/turtlesim/include/turtlesim/turtlesim/srv
[29.427s] -- Up-to-date: /root/ws/install/turtlesim/include/turtlesim/turtlesim/srv/detail
[29.428s] -- Installing: /root/ws/install/turtlesim/include/turtlesim/turtlesim/srv/detail/kill__rosidl_typesupport_fastrtps_c.h
[29.428s] -- Installing: /root/ws/install/turtlesim/include/turtlesim/turtlesim/srv/detail/set_pen__rosidl_typesupport_fastrtps_c.h
[29.428s] -- Installing: /root/ws/install/turtlesim/include/turtlesim/turtlesim/srv/detail/teleport_absolute__rosidl_typesupport_fastrtps_c.h
[29.428s] -- Installing: /root/ws/install/turtlesim/include/turtlesim/turtlesim/srv/detail/spawn__rosidl_typesupport_fastrtps_c.h
[29.428s] -- Installing: /root/ws/install/turtlesim/include/turtlesim/turtlesim/srv/detail/teleport_relative__rosidl_typesupport_fastrtps_c.h
[29.428s] -- Up-to-date: /root/ws/install/turtlesim/include/turtlesim/turtlesim/msg
[29.428s] -- Up-to-date: /root/ws/install/turtlesim/include/turtlesim/turtlesim/msg/detail
[29.429s] -- Installing: /root/ws/install/turtlesim/include/turtlesim/turtlesim/msg/detail/pose__rosidl_typesupport_fastrtps_c.h
[29.429s] -- Installing: /root/ws/install/turtlesim/include/turtlesim/turtlesim/msg/detail/color__rosidl_typesupport_fastrtps_c.h
[29.429s] -- Installing: /root/ws/install/turtlesim/include/turtlesim/turtlesim/msg/rosidl_typesupport_fastrtps_c__visibility_control.h
[29.429s] -- Installing: /root/ws/install/turtlesim/lib/libturtlesim__rosidl_typesupport_fastrtps_c.so
[29.429s] -- Set runtime path of "/root/ws/install/turtlesim/lib/libturtlesim__rosidl_typesupport_fastrtps_c.so" to ""
[29.429s] -- Up-to-date: /root/ws/install/turtlesim/include/turtlesim/turtlesim
[29.429s] -- Up-to-date: /root/ws/install/turtlesim/include/turtlesim/turtlesim/action
[29.430s] -- Up-to-date: /root/ws/install/turtlesim/include/turtlesim/turtlesim/action/detail
[29.430s] -- Installing: /root/ws/install/turtlesim/include/turtlesim/turtlesim/action/detail/rotate_absolute__builder.hpp
[29.430s] -- Installing: /root/ws/install/turtlesim/include/turtlesim/turtlesim/action/detail/rotate_absolute__traits.hpp
[29.430s] -- Installing: /root/ws/install/turtlesim/include/turtlesim/turtlesim/action/detail/rotate_absolute__struct.hpp
[29.430s] -- Installing: /root/ws/install/turtlesim/include/turtlesim/turtlesim/action/rotate_absolute.hpp
[29.430s] -- Up-to-date: /root/ws/install/turtlesim/include/turtlesim/turtlesim/srv
[29.430s] -- Installing: /root/ws/install/turtlesim/include/turtlesim/turtlesim/srv/teleport_absolute.hpp
[29.431s] -- Installing: /root/ws/install/turtlesim/include/turtlesim/turtlesim/srv/spawn.hpp
[29.431s] -- Installing: /root/ws/install/turtlesim/include/turtlesim/turtlesim/srv/kill.hpp
[29.431s] -- Up-to-date: /root/ws/install/turtlesim/include/turtlesim/turtlesim/srv/detail
[29.431s] -- Installing: /root/ws/install/turtlesim/include/turtlesim/turtlesim/srv/detail/kill__builder.hpp
[29.431s] -- Installing: /root/ws/install/turtlesim/include/turtlesim/turtlesim/srv/detail/spawn__struct.hpp
[29.431s] -- Installing: /root/ws/install/turtlesim/include/turtlesim/turtlesim/srv/detail/teleport_absolute__struct.hpp
[29.431s] -- Installing: /root/ws/install/turtlesim/include/turtlesim/turtlesim/srv/detail/teleport_relative__struct.hpp
[29.431s] -- Installing: /root/ws/install/turtlesim/include/turtlesim/turtlesim/srv/detail/teleport_absolute__builder.hpp
[29.432s] -- Installing: /root/ws/install/turtlesim/include/turtlesim/turtlesim/srv/detail/kill__struct.hpp
[29.432s] -- Installing: /root/ws/install/turtlesim/include/turtlesim/turtlesim/srv/detail/set_pen__builder.hpp
[29.432s] -- Installing: /root/ws/install/turtlesim/include/turtlesim/turtlesim/srv/detail/teleport_relative__builder.hpp
[29.432s] -- Installing: /root/ws/install/turtlesim/include/turtlesim/turtlesim/srv/detail/spawn__builder.hpp
[29.432s] -- Installing: /root/ws/install/turtlesim/include/turtlesim/turtlesim/srv/detail/teleport_relative__traits.hpp
[29.432s] -- Installing: /root/ws/install/turtlesim/include/turtlesim/turtlesim/srv/detail/kill__traits.hpp
[29.432s] -- Installing: /root/ws/install/turtlesim/include/turtlesim/turtlesim/srv/detail/set_pen__traits.hpp
[29.432s] -- Installing: /root/ws/install/turtlesim/include/turtlesim/turtlesim/srv/detail/set_pen__struct.hpp
[29.433s] -- Installing: /root/ws/install/turtlesim/include/turtlesim/turtlesim/srv/detail/spawn__traits.hpp
[29.433s] -- Installing: /root/ws/install/turtlesim/include/turtlesim/turtlesim/srv/detail/teleport_absolute__traits.hpp
[29.433s] -- Installing: /root/ws/install/turtlesim/include/turtlesim/turtlesim/srv/set_pen.hpp
[29.433s] -- Installing: /root/ws/install/turtlesim/include/turtlesim/turtlesim/srv/teleport_relative.hpp
[29.433s] -- Up-to-date: /root/ws/install/turtlesim/include/turtlesim/turtlesim/msg
[29.433s] -- Up-to-date: /root/ws/install/turtlesim/include/turtlesim/turtlesim/msg/detail
[29.433s] -- Installing: /root/ws/install/turtlesim/include/turtlesim/turtlesim/msg/detail/pose__struct.hpp
[29.434s] -- Installing: /root/ws/install/turtlesim/include/turtlesim/turtlesim/msg/detail/color__struct.hpp
[29.434s] -- Installing: /root/ws/install/turtlesim/include/turtlesim/turtlesim/msg/detail/color__traits.hpp
[29.434s] -- Installing: /root/ws/install/turtlesim/include/turtlesim/turtlesim/msg/detail/pose__traits.hpp
[29.434s] -- Installing: /root/ws/install/turtlesim/include/turtlesim/turtlesim/msg/detail/pose__builder.hpp
[29.434s] -- Installing: /root/ws/install/turtlesim/include/turtlesim/turtlesim/msg/detail/color__builder.hpp
[29.434s] -- Installing: /root/ws/install/turtlesim/include/turtlesim/turtlesim/msg/color.hpp
[29.434s] -- Installing: /root/ws/install/turtlesim/include/turtlesim/turtlesim/msg/pose.hpp
[29.434s] -- Up-to-date: /root/ws/install/turtlesim/include/turtlesim/turtlesim
[29.434s] -- Up-to-date: /root/ws/install/turtlesim/include/turtlesim/turtlesim/action
[29.434s] -- Up-to-date: /root/ws/install/turtlesim/include/turtlesim/turtlesim/action/detail
[29.434s] -- Installing: /root/ws/install/turtlesim/include/turtlesim/turtlesim/action/detail/rotate_absolute__rosidl_typesupport_fastrtps_cpp.hpp
[29.434s] -- Installing: /root/ws/install/turtlesim/include/turtlesim/turtlesim/action/detail/dds_fastrtps
[29.435s] -- Up-to-date: /root/ws/install/turtlesim/include/turtlesim/turtlesim/srv
[29.435s] -- Up-to-date: /root/ws/install/turtlesim/include/turtlesim/turtlesim/srv/detail
[29.435s] -- Installing: /root/ws/install/turtlesim/include/turtlesim/turtlesim/srv/detail/dds_fastrtps
[29.435s] -- Installing: /root/ws/install/turtlesim/include/turtlesim/turtlesim/srv/detail/spawn__rosidl_typesupport_fastrtps_cpp.hpp
[29.435s] -- Installing: /root/ws/install/turtlesim/include/turtlesim/turtlesim/srv/detail/set_pen__rosidl_typesupport_fastrtps_cpp.hpp
[29.435s] -- Installing: /root/ws/install/turtlesim/include/turtlesim/turtlesim/srv/detail/teleport_absolute__rosidl_typesupport_fastrtps_cpp.hpp
[29.435s] -- Installing: /root/ws/install/turtlesim/include/turtlesim/turtlesim/srv/detail/kill__rosidl_typesupport_fastrtps_cpp.hpp
[29.435s] -- Installing: /root/ws/install/turtlesim/include/turtlesim/turtlesim/srv/detail/teleport_relative__rosidl_typesupport_fastrtps_cpp.hpp
[29.435s] -- Up-to-date: /root/ws/install/turtlesim/include/turtlesim/turtlesim/msg
[29.435s] -- Up-to-date: /root/ws/install/turtlesim/include/turtlesim/turtlesim/msg/detail
[29.436s] -- Installing: /root/ws/install/turtlesim/include/turtlesim/turtlesim/msg/detail/pose__rosidl_typesupport_fastrtps_cpp.hpp
[29.436s] -- Installing: /root/ws/install/turtlesim/include/turtlesim/turtlesim/msg/detail/dds_fastrtps
[29.436s] -- Installing: /root/ws/install/turtlesim/include/turtlesim/turtlesim/msg/detail/color__rosidl_typesupport_fastrtps_cpp.hpp
[29.436s] -- Installing: /root/ws/install/turtlesim/include/turtlesim/turtlesim/msg/rosidl_typesupport_fastrtps_cpp__visibility_control.h
[29.436s] -- Installing: /root/ws/install/turtlesim/lib/libturtlesim__rosidl_typesupport_fastrtps_cpp.so
[29.436s] -- Set runtime path of "/root/ws/install/turtlesim/lib/libturtlesim__rosidl_typesupport_fastrtps_cpp.so" to ""
[29.436s] -- Up-to-date: /root/ws/install/turtlesim/include/turtlesim/turtlesim
[29.436s] -- Up-to-date: /root/ws/install/turtlesim/include/turtlesim/turtlesim/action
[29.436s] -- Up-to-date: /root/ws/install/turtlesim/include/turtlesim/turtlesim/action/detail
[29.437s] -- Installing: /root/ws/install/turtlesim/include/turtlesim/turtlesim/action/detail/rotate_absolute__rosidl_typesupport_introspection_c.h
[29.437s] -- Installing: /root/ws/install/turtlesim/include/turtlesim/turtlesim/action/detail/rotate_absolute__type_support.c
[29.437s] -- Up-to-date: /root/ws/install/turtlesim/include/turtlesim/turtlesim/srv
[29.437s] -- Up-to-date: /root/ws/install/turtlesim/include/turtlesim/turtlesim/srv/detail
[29.437s] -- Installing: /root/ws/install/turtlesim/include/turtlesim/turtlesim/srv/detail/teleport_absolute__rosidl_typesupport_introspection_c.h
[29.437s] -- Installing: /root/ws/install/turtlesim/include/turtlesim/turtlesim/srv/detail/spawn__rosidl_typesupport_introspection_c.h
[29.437s] -- Installing: /root/ws/install/turtlesim/include/turtlesim/turtlesim/srv/detail/kill__rosidl_typesupport_introspection_c.h
[29.438s] -- Installing: /root/ws/install/turtlesim/include/turtlesim/turtlesim/srv/detail/set_pen__type_support.c
[29.438s] -- Installing: /root/ws/install/turtlesim/include/turtlesim/turtlesim/srv/detail/teleport_relative__type_support.c
[29.438s] -- Installing: /root/ws/install/turtlesim/include/turtlesim/turtlesim/srv/detail/kill__type_support.c
[29.438s] -- Installing: /root/ws/install/turtlesim/include/turtlesim/turtlesim/srv/detail/spawn__type_support.c
[29.438s] -- Installing: /root/ws/install/turtlesim/include/turtlesim/turtlesim/srv/detail/teleport_relative__rosidl_typesupport_introspection_c.h
[29.438s] -- Installing: /root/ws/install/turtlesim/include/turtlesim/turtlesim/srv/detail/teleport_absolute__type_support.c
[29.438s] -- Installing: /root/ws/install/turtlesim/include/turtlesim/turtlesim/srv/detail/set_pen__rosidl_typesupport_introspection_c.h
[29.438s] -- Up-to-date: /root/ws/install/turtlesim/include/turtlesim/turtlesim/msg
[29.439s] -- Installing: /root/ws/install/turtlesim/include/turtlesim/turtlesim/msg/rosidl_typesupport_introspection_c__visibility_control.h
[29.439s] -- Up-to-date: /root/ws/install/turtlesim/include/turtlesim/turtlesim/msg/detail
[29.439s] -- Installing: /root/ws/install/turtlesim/include/turtlesim/turtlesim/msg/detail/pose__rosidl_typesupport_introspection_c.h
[29.439s] -- Installing: /root/ws/install/turtlesim/include/turtlesim/turtlesim/msg/detail/color__rosidl_typesupport_introspection_c.h
[29.439s] -- Installing: /root/ws/install/turtlesim/include/turtlesim/turtlesim/msg/detail/color__type_support.c
[29.439s] -- Installing: /root/ws/install/turtlesim/include/turtlesim/turtlesim/msg/detail/pose__type_support.c
[29.439s] -- Installing: /root/ws/install/turtlesim/lib/libturtlesim__rosidl_typesupport_introspection_c.so
[29.439s] -- Set runtime path of "/root/ws/install/turtlesim/lib/libturtlesim__rosidl_typesupport_introspection_c.so" to ""
[29.439s] -- Installing: /root/ws/install/turtlesim/lib/libturtlesim__rosidl_typesupport_c.so
[29.440s] -- Set runtime path of "/root/ws/install/turtlesim/lib/libturtlesim__rosidl_typesupport_c.so" to ""
[29.440s] -- Up-to-date: /root/ws/install/turtlesim/include/turtlesim/turtlesim
[29.440s] -- Up-to-date: /root/ws/install/turtlesim/include/turtlesim/turtlesim/action
[29.440s] -- Up-to-date: /root/ws/install/turtlesim/include/turtlesim/turtlesim/action/detail
[29.440s] -- Installing: /root/ws/install/turtlesim/include/turtlesim/turtlesim/action/detail/rotate_absolute__rosidl_typesupport_introspection_cpp.hpp
[29.440s] -- Installing: /root/ws/install/turtlesim/include/turtlesim/turtlesim/action/detail/rotate_absolute__type_support.cpp
[29.440s] -- Up-to-date: /root/ws/install/turtlesim/include/turtlesim/turtlesim/srv
[29.440s] -- Up-to-date: /root/ws/install/turtlesim/include/turtlesim/turtlesim/srv/detail
[29.441s] -- Installing: /root/ws/install/turtlesim/include/turtlesim/turtlesim/srv/detail/kill__type_support.cpp
[29.441s] -- Installing: /root/ws/install/turtlesim/include/turtlesim/turtlesim/srv/detail/kill__rosidl_typesupport_introspection_cpp.hpp
[29.441s] -- Installing: /root/ws/install/turtlesim/include/turtlesim/turtlesim/srv/detail/spawn__type_support.cpp
[29.441s] -- Installing: /root/ws/install/turtlesim/include/turtlesim/turtlesim/srv/detail/spawn__rosidl_typesupport_introspection_cpp.hpp
[29.441s] -- Installing: /root/ws/install/turtlesim/include/turtlesim/turtlesim/srv/detail/teleport_absolute__type_support.cpp
[29.441s] -- Installing: /root/ws/install/turtlesim/include/turtlesim/turtlesim/srv/detail/set_pen__rosidl_typesupport_introspection_cpp.hpp
[29.441s] -- Installing: /root/ws/install/turtlesim/include/turtlesim/turtlesim/srv/detail/teleport_relative__type_support.cpp
[29.441s] -- Installing: /root/ws/install/turtlesim/include/turtlesim/turtlesim/srv/detail/teleport_relative__rosidl_typesupport_introspection_cpp.hpp
[29.442s] -- Installing: /root/ws/install/turtlesim/include/turtlesim/turtlesim/srv/detail/set_pen__type_support.cpp
[29.442s] -- Installing: /root/ws/install/turtlesim/include/turtlesim/turtlesim/srv/detail/teleport_absolute__rosidl_typesupport_introspection_cpp.hpp
[29.442s] -- Up-to-date: /root/ws/install/turtlesim/include/turtlesim/turtlesim/msg
[29.442s] -- Up-to-date: /root/ws/install/turtlesim/include/turtlesim/turtlesim/msg/detail
[29.442s] -- Installing: /root/ws/install/turtlesim/include/turtlesim/turtlesim/msg/detail/color__type_support.cpp
[29.442s] -- Installing: /root/ws/install/turtlesim/include/turtlesim/turtlesim/msg/detail/color__rosidl_typesupport_introspection_cpp.hpp
[29.442s] -- Installing: /root/ws/install/turtlesim/include/turtlesim/turtlesim/msg/detail/pose__type_support.cpp
[29.443s] -- Installing: /root/ws/install/turtlesim/include/turtlesim/turtlesim/msg/detail/pose__rosidl_typesupport_introspection_cpp.hpp
[29.443s] -- Installing: /root/ws/install/turtlesim/lib/libturtlesim__rosidl_typesupport_introspection_cpp.so
[29.443s] -- Set runtime path of "/root/ws/install/turtlesim/lib/libturtlesim__rosidl_typesupport_introspection_cpp.so" to ""
[29.443s] -- Installing: /root/ws/install/turtlesim/lib/libturtlesim__rosidl_typesupport_cpp.so
[29.443s] -- Set runtime path of "/root/ws/install/turtlesim/lib/libturtlesim__rosidl_typesupport_cpp.so" to ""
[29.444s] -- Installing: /root/ws/install/turtlesim/share/turtlesim/environment/pythonpath.sh
[29.444s] -- Installing: /root/ws/install/turtlesim/share/turtlesim/environment/pythonpath.dsv
[29.444s] -- Installing: /root/ws/install/turtlesim/local/lib/python3.10/dist-packages/turtlesim-1.4.1-py3.10.egg-info
[29.444s] -- Installing: /root/ws/install/turtlesim/local/lib/python3.10/dist-packages/turtlesim-1.4.1-py3.10.egg-info/SOURCES.txt
[29.444s] -- Installing: /root/ws/install/turtlesim/local/lib/python3.10/dist-packages/turtlesim-1.4.1-py3.10.egg-info/PKG-INFO
[29.444s] -- Installing: /root/ws/install/turtlesim/local/lib/python3.10/dist-packages/turtlesim-1.4.1-py3.10.egg-info/top_level.txt
[29.444s] -- Installing: /root/ws/install/turtlesim/local/lib/python3.10/dist-packages/turtlesim-1.4.1-py3.10.egg-info/dependency_links.txt
[29.444s] -- Installing: /root/ws/install/turtlesim/local/lib/python3.10/dist-packages/turtlesim
[29.445s] -- Installing: /root/ws/install/turtlesim/local/lib/python3.10/dist-packages/turtlesim/turtlesim_s__rosidl_typesupport_introspection_c.cpython-310-x86_64-linux-gnu.so
[29.445s] -- Installing: /root/ws/install/turtlesim/local/lib/python3.10/dist-packages/turtlesim/_turtlesim_s.ep.rosidl_typesupport_fastrtps_c.c
[29.445s] -- Installing: /root/ws/install/turtlesim/local/lib/python3.10/dist-packages/turtlesim/action
[29.445s] -- Installing: /root/ws/install/turtlesim/local/lib/python3.10/dist-packages/turtlesim/action/_rotate_absolute.py
[29.445s] -- Installing: /root/ws/install/turtlesim/local/lib/python3.10/dist-packages/turtlesim/action/__init__.py
[29.445s] -- Installing: /root/ws/install/turtlesim/local/lib/python3.10/dist-packages/turtlesim/action/_rotate_absolute_s.c
[29.445s] -- Installing: /root/ws/install/turtlesim/local/lib/python3.10/dist-packages/turtlesim/_turtlesim_s.ep.rosidl_typesupport_introspection_c.c
[29.446s] -- Installing: /root/ws/install/turtlesim/local/lib/python3.10/dist-packages/turtlesim/srv
[29.446s] -- Installing: /root/ws/install/turtlesim/local/lib/python3.10/dist-packages/turtlesim/srv/_kill.py
[29.446s] -- Installing: /root/ws/install/turtlesim/local/lib/python3.10/dist-packages/turtlesim/srv/_teleport_relative.py
[29.446s] -- Installing: /root/ws/install/turtlesim/local/lib/python3.10/dist-packages/turtlesim/srv/_teleport_absolute_s.c
[29.446s] -- Installing: /root/ws/install/turtlesim/local/lib/python3.10/dist-packages/turtlesim/srv/_spawn_s.c
[29.446s] -- Installing: /root/ws/install/turtlesim/local/lib/python3.10/dist-packages/turtlesim/srv/_set_pen_s.c
[29.446s] -- Installing: /root/ws/install/turtlesim/local/lib/python3.10/dist-packages/turtlesim/srv/_teleport_relative_s.c
[29.447s] -- Installing: /root/ws/install/turtlesim/local/lib/python3.10/dist-packages/turtlesim/srv/_set_pen.py
[29.447s] -- Installing: /root/ws/install/turtlesim/local/lib/python3.10/dist-packages/turtlesim/srv/_kill_s.c
[29.447s] -- Installing: /root/ws/install/turtlesim/local/lib/python3.10/dist-packages/turtlesim/srv/_teleport_absolute.py
[29.447s] -- Installing: /root/ws/install/turtlesim/local/lib/python3.10/dist-packages/turtlesim/srv/__init__.py
[29.447s] -- Installing: /root/ws/install/turtlesim/local/lib/python3.10/dist-packages/turtlesim/srv/_spawn.py
[29.447s] -- Installing: /root/ws/install/turtlesim/local/lib/python3.10/dist-packages/turtlesim/turtlesim_s__rosidl_typesupport_c.cpython-310-x86_64-linux-gnu.so
[29.447s] -- Installing: /root/ws/install/turtlesim/local/lib/python3.10/dist-packages/turtlesim/turtlesim_s__rosidl_typesupport_fastrtps_c.cpython-310-x86_64-linux-gnu.so
[29.447s] -- Installing: /root/ws/install/turtlesim/local/lib/python3.10/dist-packages/turtlesim/__init__.py
[29.448s] -- Installing: /root/ws/install/turtlesim/local/lib/python3.10/dist-packages/turtlesim/_turtlesim_s.ep.rosidl_typesupport_c.c
[29.448s] -- Installing: /root/ws/install/turtlesim/local/lib/python3.10/dist-packages/turtlesim/msg
[29.448s] -- Installing: /root/ws/install/turtlesim/local/lib/python3.10/dist-packages/turtlesim/msg/_color.py
[29.448s] -- Installing: /root/ws/install/turtlesim/local/lib/python3.10/dist-packages/turtlesim/msg/_pose.py
[29.448s] -- Installing: /root/ws/install/turtlesim/local/lib/python3.10/dist-packages/turtlesim/msg/_pose_s.c
[29.448s] -- Installing: /root/ws/install/turtlesim/local/lib/python3.10/dist-packages/turtlesim/msg/_color_s.c
[29.448s] -- Installing: /root/ws/install/turtlesim/local/lib/python3.10/dist-packages/turtlesim/msg/__init__.py
[29.448s] -- Installing: /root/ws/install/turtlesim/local/lib/python3.10/dist-packages/turtlesim/libturtlesim__rosidl_generator_py.so
[29.500s] Listing '/root/ws/install/turtlesim/local/lib/python3.10/dist-packages/turtlesim'...
[29.500s] Compiling '/root/ws/install/turtlesim/local/lib/python3.10/dist-packages/turtlesim/__init__.py'...
[29.500s] Listing '/root/ws/install/turtlesim/local/lib/python3.10/dist-packages/turtlesim/action'...
[29.500s] Compiling '/root/ws/install/turtlesim/local/lib/python3.10/dist-packages/turtlesim/action/__init__.py'...
[29.500s] Compiling '/root/ws/install/turtlesim/local/lib/python3.10/dist-packages/turtlesim/action/_rotate_absolute.py'...
[29.500s] Listing '/root/ws/install/turtlesim/local/lib/python3.10/dist-packages/turtlesim/msg'...
[29.500s] Compiling '/root/ws/install/turtlesim/local/lib/python3.10/dist-packages/turtlesim/msg/__init__.py'...
[29.500s] Compiling '/root/ws/install/turtlesim/local/lib/python3.10/dist-packages/turtlesim/msg/_color.py'...
[29.500s] Compiling '/root/ws/install/turtlesim/local/lib/python3.10/dist-packages/turtlesim/msg/_pose.py'...
[29.500s] Listing '/root/ws/install/turtlesim/local/lib/python3.10/dist-packages/turtlesim/srv'...
[29.501s] Compiling '/root/ws/install/turtlesim/local/lib/python3.10/dist-packages/turtlesim/srv/__init__.py'...
[29.501s] Compiling '/root/ws/install/turtlesim/local/lib/python3.10/dist-packages/turtlesim/srv/_kill.py'...
[29.501s] Compiling '/root/ws/install/turtlesim/local/lib/python3.10/dist-packages/turtlesim/srv/_set_pen.py'...
[29.501s] Compiling '/root/ws/install/turtlesim/local/lib/python3.10/dist-packages/turtlesim/srv/_spawn.py'...
[29.501s] Compiling '/root/ws/install/turtlesim/local/lib/python3.10/dist-packages/turtlesim/srv/_teleport_absolute.py'...
[29.501s] Compiling '/root/ws/install/turtlesim/local/lib/python3.10/dist-packages/turtlesim/srv/_teleport_relative.py'...
[29.504s] -- Installing: /root/ws/install/turtlesim/local/lib/python3.10/dist-packages/turtlesim/turtlesim_s__rosidl_typesupport_fastrtps_c.cpython-310-x86_64-linux-gnu.so
[29.505s] -- Set runtime path of "/root/ws/install/turtlesim/local/lib/python3.10/dist-packages/turtlesim/turtlesim_s__rosidl_typesupport_fastrtps_c.cpython-310-x86_64-linux-gnu.so" to ""
[29.505s] -- Installing: /root/ws/install/turtlesim/local/lib/python3.10/dist-packages/turtlesim/turtlesim_s__rosidl_typesupport_introspection_c.cpython-310-x86_64-linux-gnu.so
[29.505s] -- Set runtime path of "/root/ws/install/turtlesim/local/lib/python3.10/dist-packages/turtlesim/turtlesim_s__rosidl_typesupport_introspection_c.cpython-310-x86_64-linux-gnu.so" to ""
[29.506s] -- Installing: /root/ws/install/turtlesim/local/lib/python3.10/dist-packages/turtlesim/turtlesim_s__rosidl_typesupport_c.cpython-310-x86_64-linux-gnu.so
[29.506s] -- Set runtime path of "/root/ws/install/turtlesim/local/lib/python3.10/dist-packages/turtlesim/turtlesim_s__rosidl_typesupport_c.cpython-310-x86_64-linux-gnu.so" to ""
[29.506s] -- Installing: /root/ws/install/turtlesim/lib/libturtlesim__rosidl_generator_py.so
[29.507s] -- Set runtime path of "/root/ws/install/turtlesim/lib/libturtlesim__rosidl_generator_py.so" to ""
[29.507s] -- Installing: /root/ws/install/turtlesim/share/turtlesim/action/RotateAbsolute.idl
[29.507s] -- Installing: /root/ws/install/turtlesim/share/turtlesim/msg/Color.idl
[29.507s] -- Installing: /root/ws/install/turtlesim/share/turtlesim/msg/Pose.idl
[29.508s] -- Installing: /root/ws/install/turtlesim/share/turtlesim/srv/Kill.idl
[29.508s] -- Installing: /root/ws/install/turtlesim/share/turtlesim/srv/SetPen.idl
[29.508s] -- Installing: /root/ws/install/turtlesim/share/turtlesim/srv/Spawn.idl
[29.508s] -- Installing: /root/ws/install/turtlesim/share/turtlesim/srv/TeleportAbsolute.idl
[29.508s] -- Installing: /root/ws/install/turtlesim/share/turtlesim/srv/TeleportRelative.idl
[29.508s] -- Installing: /root/ws/install/turtlesim/share/turtlesim/action/RotateAbsolute.action
[29.508s] -- Installing: /root/ws/install/turtlesim/share/turtlesim/msg/Color.msg
[29.509s] -- Installing: /root/ws/install/turtlesim/share/turtlesim/msg/Pose.msg
[29.509s] -- Installing: /root/ws/install/turtlesim/share/turtlesim/srv/Kill.srv
[29.509s] -- Installing: /root/ws/install/turtlesim/share/turtlesim/srv/Kill_Request.msg
[29.509s] -- Installing: /root/ws/install/turtlesim/share/turtlesim/srv/Kill_Response.msg
[29.509s] -- Installing: /root/ws/install/turtlesim/share/turtlesim/srv/SetPen.srv
[29.509s] -- Installing: /root/ws/install/turtlesim/share/turtlesim/srv/SetPen_Request.msg
[29.509s] -- Installing: /root/ws/install/turtlesim/share/turtlesim/srv/SetPen_Response.msg
[29.510s] -- Installing: /root/ws/install/turtlesim/share/turtlesim/srv/Spawn.srv
[29.510s] -- Installing: /root/ws/install/turtlesim/share/turtlesim/srv/Spawn_Request.msg
[29.510s] -- Installing: /root/ws/install/turtlesim/share/turtlesim/srv/Spawn_Response.msg
[29.510s] -- Installing: /root/ws/install/turtlesim/share/turtlesim/srv/TeleportAbsolute.srv
[29.510s] -- Installing: /root/ws/install/turtlesim/share/turtlesim/srv/TeleportAbsolute_Request.msg
[29.510s] -- Installing: /root/ws/install/turtlesim/share/turtlesim/srv/TeleportAbsolute_Response.msg
[29.511s] -- Installing: /root/ws/install/turtlesim/share/turtlesim/srv/TeleportRelative.srv
[29.511s] -- Installing: /root/ws/install/turtlesim/share/turtlesim/srv/TeleportRelative_Request.msg
[29.511s] -- Installing: /root/ws/install/turtlesim/share/turtlesim/srv/TeleportRelative_Response.msg
[29.511s] -- Installing: /root/ws/install/turtlesim/lib/turtlesim/turtlesim_node
[29.524s] -- Set runtime path of "/root/ws/install/turtlesim/lib/turtlesim/turtlesim_node" to ""
[29.524s] -- Installing: /root/ws/install/turtlesim/lib/turtlesim/turtle_teleop_key
[29.526s] -- Set runtime path of "/root/ws/install/turtlesim/lib/turtlesim/turtle_teleop_key" to ""
[29.527s] -- Installing: /root/ws/install/turtlesim/lib/turtlesim/draw_square
[29.533s] -- Set runtime path of "/root/ws/install/turtlesim/lib/turtlesim/draw_square" to ""
[29.533s] -- Installing: /root/ws/install/turtlesim/lib/turtlesim/mimic
[29.537s] -- Set runtime path of "/root/ws/install/turtlesim/lib/turtlesim/mimic" to ""
[29.537s] -- Installing: /root/ws/install/turtlesim/share/turtlesim/images
[29.537s] -- Installing: /root/ws/install/turtlesim/share/turtlesim/images/dashing.png
[29.537s] -- Installing: /root/ws/install/turtlesim/share/turtlesim/images/ardent.png
[29.538s] -- Installing: /root/ws/install/turtlesim/share/turtlesim/images/rolling.png
[29.538s] -- Installing: /root/ws/install/turtlesim/share/turtlesim/images/crystal.png
[29.538s] -- Installing: /root/ws/install/turtlesim/share/turtlesim/images/humble.png
[29.538s] -- Installing: /root/ws/install/turtlesim/share/turtlesim/images/galactic.png
[29.538s] -- Installing: /root/ws/install/turtlesim/share/turtlesim/images/foxy.png
[29.538s] -- Installing: /root/ws/install/turtlesim/share/turtlesim/images/eloquent.png
[29.538s] -- Installing: /root/ws/install/turtlesim/share/turtlesim/images/bouncy.png
[29.538s] -- Installing: /root/ws/install/turtlesim/share/turtlesim/launch
[29.538s] -- Installing: /root/ws/install/turtlesim/share/turtlesim/launch/multisim.launch.py
[29.539s] -- Installing: /root/ws/install/turtlesim/share/ament_index/resource_index/package_run_dependencies/turtlesim
[29.539s] -- Installing: /root/ws/install/turtlesim/share/ament_index/resource_index/parent_prefix_path/turtlesim
[29.539s] -- Installing: /root/ws/install/turtlesim/share/turtlesim/environment/ament_prefix_path.sh
[29.539s] -- Installing: /root/ws/install/turtlesim/share/turtlesim/environment/ament_prefix_path.dsv
[29.539s] -- Installing: /root/ws/install/turtlesim/share/turtlesim/environment/path.sh
[29.540s] -- Installing: /root/ws/install/turtlesim/share/turtlesim/environment/path.dsv
[29.540s] -- Installing: /root/ws/install/turtlesim/share/turtlesim/local_setup.bash
[29.540s] -- Installing: /root/ws/install/turtlesim/share/turtlesim/local_setup.sh
[29.540s] -- Installing: /root/ws/install/turtlesim/share/turtlesim/local_setup.zsh
[29.540s] -- Installing: /root/ws/install/turtlesim/share/turtlesim/local_setup.dsv
[29.540s] -- Installing: /root/ws/install/turtlesim/share/turtlesim/package.dsv
[29.540s] -- Installing: /root/ws/install/turtlesim/share/ament_index/resource_index/packages/turtlesim
[29.541s] -- Installing: /root/ws/install/turtlesim/share/turtlesim/cmake/export_turtlesim__rosidl_generator_cExport.cmake
[29.541s] -- Installing: /root/ws/install/turtlesim/share/turtlesim/cmake/export_turtlesim__rosidl_generator_cExport-noconfig.cmake
[29.541s] -- Installing: /root/ws/install/turtlesim/share/turtlesim/cmake/export_turtlesim__rosidl_typesupport_fastrtps_cExport.cmake
[29.541s] -- Installing: /root/ws/install/turtlesim/share/turtlesim/cmake/export_turtlesim__rosidl_typesupport_fastrtps_cExport-noconfig.cmake
[29.541s] -- Installing: /root/ws/install/turtlesim/share/turtlesim/cmake/export_turtlesim__rosidl_generator_cppExport.cmake
[29.541s] -- Installing: /root/ws/install/turtlesim/share/turtlesim/cmake/export_turtlesim__rosidl_typesupport_fastrtps_cppExport.cmake
[29.542s] -- Installing: /root/ws/install/turtlesim/share/turtlesim/cmake/export_turtlesim__rosidl_typesupport_fastrtps_cppExport-noconfig.cmake
[29.542s] -- Installing: /root/ws/install/turtlesim/share/turtlesim/cmake/turtlesim__rosidl_typesupport_introspection_cExport.cmake
[29.542s] -- Installing: /root/ws/install/turtlesim/share/turtlesim/cmake/turtlesim__rosidl_typesupport_introspection_cExport-noconfig.cmake
[29.542s] -- Installing: /root/ws/install/turtlesim/share/turtlesim/cmake/turtlesim__rosidl_typesupport_cExport.cmake
[29.542s] -- Installing: /root/ws/install/turtlesim/share/turtlesim/cmake/turtlesim__rosidl_typesupport_cExport-noconfig.cmake
[29.542s] -- Installing: /root/ws/install/turtlesim/share/turtlesim/cmake/turtlesim__rosidl_typesupport_introspection_cppExport.cmake
[29.543s] -- Installing: /root/ws/install/turtlesim/share/turtlesim/cmake/turtlesim__rosidl_typesupport_introspection_cppExport-noconfig.cmake
[29.543s] -- Installing: /root/ws/install/turtlesim/share/turtlesim/cmake/turtlesim__rosidl_typesupport_cppExport.cmake
[29.543s] -- Installing: /root/ws/install/turtlesim/share/turtlesim/cmake/turtlesim__rosidl_typesupport_cppExport-noconfig.cmake
[29.543s] -- Installing: /root/ws/install/turtlesim/share/turtlesim/cmake/export_turtlesim__rosidl_generator_pyExport.cmake
[29.543s] -- Installing: /root/ws/install/turtlesim/share/turtlesim/cmake/export_turtlesim__rosidl_generator_pyExport-noconfig.cmake
[29.544s] -- Installing: /root/ws/install/turtlesim/share/turtlesim/cmake/rosidl_cmake-extras.cmake
[29.544s] -- Installing: /root/ws/install/turtlesim/share/turtlesim/cmake/ament_cmake_export_dependencies-extras.cmake
[29.544s] -- Installing: /root/ws/install/turtlesim/share/turtlesim/cmake/ament_cmake_export_include_directories-extras.cmake
[29.544s] -- Installing: /root/ws/install/turtlesim/share/turtlesim/cmake/ament_cmake_export_libraries-extras.cmake
[29.544s] -- Installing: /root/ws/install/turtlesim/share/turtlesim/cmake/ament_cmake_export_targets-extras.cmake
[29.544s] -- Installing: /root/ws/install/turtlesim/share/turtlesim/cmake/rosidl_cmake_export_typesupport_targets-extras.cmake
[29.545s] -- Installing: /root/ws/install/turtlesim/share/turtlesim/cmake/rosidl_cmake_export_typesupport_libraries-extras.cmake
[29.545s] -- Installing: /root/ws/install/turtlesim/share/turtlesim/cmake/turtlesimConfig.cmake
[29.545s] -- Installing: /root/ws/install/turtlesim/share/turtlesim/cmake/turtlesimConfig-version.cmake
[29.545s] -- Installing: /root/ws/install/turtlesim/share/turtlesim/package.xml
[29.547s] Invoked command in '/root/ws/build/turtlesim' returned '0': CMAKE_PREFIX_PATH=/opt/ros/humble /usr/bin/cmake --install /root/ws/build/turtlesim
