[0.314s] DEBUG:colcon:Command line arguments: ['/usr/bin/colcon', 'build', '--symlink-install']
[0.314s] DEBUG:colcon:Parsed command line arguments: Namespace(log_base=None, log_level=None, verb_name='build', build_base='build', install_base='install', merge_install=False, symlink_install=True, test_result_base=None, continue_on_error=False, executor='parallel', parallel_workers=8, event_handlers=None, ignore_user_meta=False, metas=['./colcon.meta'], base_paths=['.'], packages_ignore=None, packages_ignore_regex=None, paths=None, packages_up_to=None, packages_up_to_regex=None, packages_above=None, packages_above_and_dependencies=None, packages_above_depth=None, packages_select_by_dep=None, packages_skip_by_dep=None, packages_skip_up_to=None, packages_select_build_failed=False, packages_skip_build_finished=False, packages_select_test_failures=False, packages_skip_test_passed=False, packages_select=None, packages_skip=None, packages_select_regex=None, packages_skip_regex=None, packages_start=None, packages_end=None, cmake_args=None, cmake_target=None, cmake_target_skip_unavailable=False, cmake_clean_cache=False, cmake_clean_first=False, cmake_force_configure=False, ament_cmake_args=None, catkin_cmake_args=None, catkin_skip_building_tests=False, mixin_files=None, mixin=None, verb_parser=<colcon_mixin.mixin.mixin_argument.MixinArgumentDecorator object at 0x7fd131aaf6a0>, verb_extension=<colcon_core.verb.build.BuildVerb object at 0x7fd1319f3f40>, main=<bound method BuildVerb.main of <colcon_core.verb.build.BuildVerb object at 0x7fd1319f3f40>>, mixin_verb=('build',))
[0.341s] Level 1:colcon.colcon_core.package_discovery:discover_packages(colcon_meta) check parameters
[0.342s] INFO:colcon.colcon_metadata.package_discovery.colcon_meta:Using configuration from '/root/.colcon/metadata/default/Gazebo.meta'
[0.342s] INFO:colcon.colcon_metadata.package_discovery.colcon_meta:Using configuration from '/root/.colcon/metadata/default/fastrtps.meta'
[0.342s] Level 1:colcon.colcon_core.package_discovery:discover_packages(recursive) check parameters
[0.342s] Level 1:colcon.colcon_core.package_discovery:discover_packages(ignore) check parameters
[0.342s] Level 1:colcon.colcon_core.package_discovery:discover_packages(path) check parameters
[0.342s] Level 1:colcon.colcon_core.package_discovery:discover_packages(colcon_meta) discover
[0.342s] Level 1:colcon.colcon_core.package_discovery:discover_packages(recursive) discover
[0.342s] INFO:colcon.colcon_core.package_discovery:Crawling recursively for packages in '/root/ws/src'
[0.343s] Level 1:colcon.colcon_core.package_identification:_identify(.) by extensions ['ignore', 'ignore_ament_install']
[0.343s] Level 1:colcon.colcon_core.package_identification:_identify(.) by extension 'ignore'
[0.343s] Level 1:colcon.colcon_core.package_identification:_identify(.) by extension 'ignore_ament_install'
[0.343s] Level 1:colcon.colcon_core.package_identification:_identify(.) by extensions ['colcon_pkg']
[0.343s] Level 1:colcon.colcon_core.package_identification:_identify(.) by extension 'colcon_pkg'
[0.343s] Level 1:colcon.colcon_core.package_identification:_identify(.) by extensions ['colcon_meta']
[0.343s] Level 1:colcon.colcon_core.package_identification:_identify(.) by extension 'colcon_meta'
[0.343s] Level 1:colcon.colcon_core.package_identification:_identify(.) by extensions ['ros']
[0.343s] Level 1:colcon.colcon_core.package_identification:_identify(.) by extension 'ros'
[0.363s] Level 1:colcon.colcon_core.package_identification:_identify(.) by extensions ['cmake', 'python']
[0.363s] Level 1:colcon.colcon_core.package_identification:_identify(.) by extension 'cmake'
[0.363s] Level 1:colcon.colcon_core.package_identification:_identify(.) by extension 'python'
[0.363s] Level 1:colcon.colcon_core.package_identification:_identify(.) by extensions ['python_setup_py']
[0.363s] Level 1:colcon.colcon_core.package_identification:_identify(.) by extension 'python_setup_py'
[0.363s] Level 1:colcon.colcon_core.package_identification:_identify(build) by extensions ['ignore', 'ignore_ament_install']
[0.363s] Level 1:colcon.colcon_core.package_identification:_identify(build) by extension 'ignore'
[0.363s] Level 1:colcon.colcon_core.package_identification:_identify(build) ignored
[0.363s] Level 1:colcon.colcon_core.package_identification:_identify(install) by extensions ['ignore', 'ignore_ament_install']
[0.363s] Level 1:colcon.colcon_core.package_identification:_identify(install) by extension 'ignore'
[0.363s] Level 1:colcon.colcon_core.package_identification:_identify(install) ignored
[0.363s] Level 1:colcon.colcon_core.package_identification:_identify(log) by extensions ['ignore', 'ignore_ament_install']
[0.363s] Level 1:colcon.colcon_core.package_identification:_identify(log) by extension 'ignore'
[0.364s] Level 1:colcon.colcon_core.package_identification:_identify(log) ignored
[0.364s] Level 1:colcon.colcon_core.package_identification:_identify(ros_tutorials) by extensions ['ignore', 'ignore_ament_install']
[0.364s] Level 1:colcon.colcon_core.package_identification:_identify(ros_tutorials) by extension 'ignore'
[0.364s] Level 1:colcon.colcon_core.package_identification:_identify(ros_tutorials) by extension 'ignore_ament_install'
[0.364s] Level 1:colcon.colcon_core.package_identification:_identify(ros_tutorials) by extensions ['colcon_pkg']
[0.364s] Level 1:colcon.colcon_core.package_identification:_identify(ros_tutorials) by extension 'colcon_pkg'
[0.364s] Level 1:colcon.colcon_core.package_identification:_identify(ros_tutorials) by extensions ['colcon_meta']
[0.364s] Level 1:colcon.colcon_core.package_identification:_identify(ros_tutorials) by extension 'colcon_meta'
[0.364s] Level 1:colcon.colcon_core.package_identification:_identify(ros_tutorials) by extensions ['ros']
[0.364s] Level 1:colcon.colcon_core.package_identification:_identify(ros_tutorials) by extension 'ros'
[0.364s] Level 1:colcon.colcon_core.package_identification:_identify(ros_tutorials) by extensions ['cmake', 'python']
[0.364s] Level 1:colcon.colcon_core.package_identification:_identify(ros_tutorials) by extension 'cmake'
[0.364s] Level 1:colcon.colcon_core.package_identification:_identify(ros_tutorials) by extension 'python'
[0.364s] Level 1:colcon.colcon_core.package_identification:_identify(ros_tutorials) by extensions ['python_setup_py']
[0.364s] Level 1:colcon.colcon_core.package_identification:_identify(ros_tutorials) by extension 'python_setup_py'
[0.364s] Level 1:colcon.colcon_core.package_identification:_identify(ros_tutorials/ros_tutorials) by extensions ['ignore', 'ignore_ament_install']
[0.364s] Level 1:colcon.colcon_core.package_identification:_identify(ros_tutorials/ros_tutorials) by extension 'ignore'
[0.364s] Level 1:colcon.colcon_core.package_identification:_identify(ros_tutorials/ros_tutorials) ignored
[0.365s] Level 1:colcon.colcon_core.package_identification:_identify(ros_tutorials/roscpp_tutorials) by extensions ['ignore', 'ignore_ament_install']
[0.365s] Level 1:colcon.colcon_core.package_identification:_identify(ros_tutorials/roscpp_tutorials) by extension 'ignore'
[0.365s] Level 1:colcon.colcon_core.package_identification:_identify(ros_tutorials/roscpp_tutorials) ignored
[0.365s] Level 1:colcon.colcon_core.package_identification:_identify(ros_tutorials/rospy_tutorials) by extensions ['ignore', 'ignore_ament_install']
[0.365s] Level 1:colcon.colcon_core.package_identification:_identify(ros_tutorials/rospy_tutorials) by extension 'ignore'
[0.365s] Level 1:colcon.colcon_core.package_identification:_identify(ros_tutorials/rospy_tutorials) ignored
[0.365s] Level 1:colcon.colcon_core.package_identification:_identify(ros_tutorials/turtlesim) by extensions ['ignore', 'ignore_ament_install']
[0.365s] Level 1:colcon.colcon_core.package_identification:_identify(ros_tutorials/turtlesim) by extension 'ignore'
[0.365s] Level 1:colcon.colcon_core.package_identification:_identify(ros_tutorials/turtlesim) by extension 'ignore_ament_install'
[0.365s] Level 1:colcon.colcon_core.package_identification:_identify(ros_tutorials/turtlesim) by extensions ['colcon_pkg']
[0.365s] Level 1:colcon.colcon_core.package_identification:_identify(ros_tutorials/turtlesim) by extension 'colcon_pkg'
[0.365s] Level 1:colcon.colcon_core.package_identification:_identify(ros_tutorials/turtlesim) by extensions ['colcon_meta']
[0.365s] Level 1:colcon.colcon_core.package_identification:_identify(ros_tutorials/turtlesim) by extension 'colcon_meta'
[0.366s] Level 1:colcon.colcon_core.package_identification:_identify(ros_tutorials/turtlesim) by extensions ['ros']
[0.366s] Level 1:colcon.colcon_core.package_identification:_identify(ros_tutorials/turtlesim) by extension 'ros'
[0.369s] DEBUG:colcon.colcon_core.package_identification:Package 'ros_tutorials/turtlesim' with type 'ros.ament_cmake' and name 'turtlesim'
[0.369s] Level 1:colcon.colcon_core.package_discovery:discover_packages(recursive) using defaults
[0.369s] Level 1:colcon.colcon_core.package_discovery:discover_packages(ignore) discover
[0.369s] Level 1:colcon.colcon_core.package_discovery:discover_packages(ignore) using defaults
[0.369s] Level 1:colcon.colcon_core.package_discovery:discover_packages(path) discover
[0.369s] Level 1:colcon.colcon_core.package_discovery:discover_packages(path) using defaults
[0.394s] Level 5:colcon.colcon_core.verb:set package 'turtlesim' build argument 'cmake_args' from command line to 'None'
[0.394s] Level 5:colcon.colcon_core.verb:set package 'turtlesim' build argument 'cmake_target' from command line to 'None'
[0.394s] Level 5:colcon.colcon_core.verb:set package 'turtlesim' build argument 'cmake_target_skip_unavailable' from command line to 'False'
[0.394s] Level 5:colcon.colcon_core.verb:set package 'turtlesim' build argument 'cmake_clean_cache' from command line to 'False'
[0.394s] Level 5:colcon.colcon_core.verb:set package 'turtlesim' build argument 'cmake_clean_first' from command line to 'False'
[0.395s] Level 5:colcon.colcon_core.verb:set package 'turtlesim' build argument 'cmake_force_configure' from command line to 'False'
[0.395s] Level 5:colcon.colcon_core.verb:set package 'turtlesim' build argument 'ament_cmake_args' from command line to 'None'
[0.395s] Level 5:colcon.colcon_core.verb:set package 'turtlesim' build argument 'catkin_cmake_args' from command line to 'None'
[0.395s] Level 5:colcon.colcon_core.verb:set package 'turtlesim' build argument 'catkin_skip_building_tests' from command line to 'False'
[0.395s] DEBUG:colcon.colcon_core.verb:Building package 'turtlesim' with the following arguments: {'ament_cmake_args': None, 'build_base': '/root/ws/src/build/turtlesim', 'catkin_cmake_args': None, 'catkin_skip_building_tests': False, 'cmake_args': None, 'cmake_clean_cache': False, 'cmake_clean_first': False, 'cmake_force_configure': False, 'cmake_target': None, 'cmake_target_skip_unavailable': False, 'install_base': '/root/ws/src/install/turtlesim', 'merge_install': False, 'path': '/root/ws/src/ros_tutorials/turtlesim', 'symlink_install': True, 'test_result_base': None}
[0.395s] INFO:colcon.colcon_core.executor:Executing jobs using 'parallel' executor
[0.400s] DEBUG:colcon.colcon_parallel_executor.executor.parallel:run_until_complete
[0.400s] INFO:colcon.colcon_ros.task.ament_cmake.build:Building ROS package in '/root/ws/src/ros_tutorials/turtlesim' with build type 'ament_cmake'
[0.400s] INFO:colcon.colcon_cmake.task.cmake.build:Building CMake package in '/root/ws/src/ros_tutorials/turtlesim'
[0.406s] INFO:colcon.colcon_core.plugin_system:Skipping extension 'colcon_core.shell.bat': Not used on non-Windows systems
[0.406s] INFO:colcon.colcon_core.shell:Skip shell extension 'powershell' for command environment: Not usable outside of PowerShell
[0.406s] DEBUG:colcon.colcon_core.shell:Skip shell extension 'dsv' for command environment
[0.415s] DEBUG:colcon.colcon_core.event_handler.log_command:Invoking command in '/root/ws/src/build/turtlesim': CMAKE_PREFIX_PATH=/opt/ros/humble /usr/bin/cmake /root/ws/src/ros_tutorials/turtlesim -DAMENT_CMAKE_SYMLINK_INSTALL=1 -DCMAKE_INSTALL_PREFIX=/root/ws/src/install/turtlesim
[2.720s] DEBUG:colcon.colcon_core.event_handler.log_command:Invoked command in '/root/ws/src/build/turtlesim' returned '0': CMAKE_PREFIX_PATH=/opt/ros/humble /usr/bin/cmake /root/ws/src/ros_tutorials/turtlesim -DAMENT_CMAKE_SYMLINK_INSTALL=1 -DCMAKE_INSTALL_PREFIX=/root/ws/src/install/turtlesim
[2.722s] DEBUG:colcon.colcon_core.event_handler.log_command:Invoking command in '/root/ws/src/build/turtlesim': CMAKE_PREFIX_PATH=/opt/ros/humble /usr/bin/cmake --build /root/ws/src/build/turtlesim -- -j8 -l8
[30.729s] DEBUG:colcon.colcon_core.event_handler.log_command:Invoked command in '/root/ws/src/build/turtlesim' returned '0': CMAKE_PREFIX_PATH=/opt/ros/humble /usr/bin/cmake --build /root/ws/src/build/turtlesim -- -j8 -l8
[30.909s] DEBUG:colcon.colcon_core.event_handler.log_command:Invoking command in '/root/ws/src/build/turtlesim': CMAKE_PREFIX_PATH=/opt/ros/humble /usr/bin/cmake --install /root/ws/src/build/turtlesim
[32.366s] Level 1:colcon.colcon_core.environment:create_environment_scripts_only(turtlesim)
[32.367s] DEBUG:colcon.colcon_core.event_handler.log_command:Invoked command in '/root/ws/src/build/turtlesim' returned '0': CMAKE_PREFIX_PATH=/opt/ros/humble /usr/bin/cmake --install /root/ws/src/build/turtlesim
[32.373s] Level 1:colcon.colcon_core.environment:checking '/root/ws/src/install/turtlesim' for CMake module files
[32.374s] Level 1:colcon.colcon_core.environment:checking '/root/ws/src/install/turtlesim' for CMake config files
[32.376s] Level 1:colcon.colcon_core.shell:create_environment_hook('turtlesim', 'cmake_prefix_path')
[32.378s] INFO:colcon.colcon_core.shell:Creating environment hook '/root/ws/src/install/turtlesim/share/turtlesim/hook/cmake_prefix_path.ps1'
[32.378s] INFO:colcon.colcon_core.shell:Creating environment descriptor '/root/ws/src/install/turtlesim/share/turtlesim/hook/cmake_prefix_path.dsv'
[32.378s] INFO:colcon.colcon_core.shell:Creating environment hook '/root/ws/src/install/turtlesim/share/turtlesim/hook/cmake_prefix_path.sh'
[32.379s] Level 1:colcon.colcon_core.environment:checking '/root/ws/src/install/turtlesim/lib'
[32.379s] Level 1:colcon.colcon_core.shell:create_environment_hook('turtlesim', 'ld_library_path_lib')
[32.381s] INFO:colcon.colcon_core.shell:Creating environment hook '/root/ws/src/install/turtlesim/share/turtlesim/hook/ld_library_path_lib.ps1'
[32.381s] INFO:colcon.colcon_core.shell:Creating environment descriptor '/root/ws/src/install/turtlesim/share/turtlesim/hook/ld_library_path_lib.dsv'
[32.381s] INFO:colcon.colcon_core.shell:Creating environment hook '/root/ws/src/install/turtlesim/share/turtlesim/hook/ld_library_path_lib.sh'
[32.381s] Level 1:colcon.colcon_core.environment:checking '/root/ws/src/install/turtlesim/bin'
[32.382s] Level 1:colcon.colcon_core.environment:checking '/root/ws/src/install/turtlesim/lib/pkgconfig/turtlesim.pc'
[32.382s] Level 1:colcon.colcon_core.environment:checking '/root/ws/src/install/turtlesim/lib/python3.10/site-packages'
[32.383s] Level 1:colcon.colcon_core.environment:checking '/root/ws/src/install/turtlesim/bin'
[32.384s] INFO:colcon.colcon_core.shell:Creating package script '/root/ws/src/install/turtlesim/share/turtlesim/package.ps1'
[32.385s] INFO:colcon.colcon_core.shell:Creating package descriptor '/root/ws/src/install/turtlesim/share/turtlesim/package.dsv'
[32.386s] INFO:colcon.colcon_core.shell:Creating package script '/root/ws/src/install/turtlesim/share/turtlesim/package.sh'
[32.386s] INFO:colcon.colcon_core.shell:Creating package script '/root/ws/src/install/turtlesim/share/turtlesim/package.bash'
[32.387s] INFO:colcon.colcon_core.shell:Creating package script '/root/ws/src/install/turtlesim/share/turtlesim/package.zsh'
[32.388s] Level 1:colcon.colcon_core.environment:create_file_with_runtime_dependencies(/root/ws/src/install/turtlesim/share/colcon-core/packages/turtlesim)
[32.562s] Level 1:colcon.colcon_core.environment:create_environment_scripts_only(turtlesim)
[32.564s] Level 1:colcon.colcon_core.environment:checking '/root/ws/src/install/turtlesim' for CMake module files
[32.565s] Level 1:colcon.colcon_core.environment:checking '/root/ws/src/install/turtlesim' for CMake config files
[32.567s] Level 1:colcon.colcon_core.shell:create_environment_hook('turtlesim', 'cmake_prefix_path')
[32.568s] INFO:colcon.colcon_core.shell:Creating environment hook '/root/ws/src/install/turtlesim/share/turtlesim/hook/cmake_prefix_path.ps1'
[32.568s] INFO:colcon.colcon_core.shell:Creating environment descriptor '/root/ws/src/install/turtlesim/share/turtlesim/hook/cmake_prefix_path.dsv'
[32.568s] INFO:colcon.colcon_core.shell:Creating environment hook '/root/ws/src/install/turtlesim/share/turtlesim/hook/cmake_prefix_path.sh'
[32.569s] Level 1:colcon.colcon_core.environment:checking '/root/ws/src/install/turtlesim/lib'
[32.569s] Level 1:colcon.colcon_core.shell:create_environment_hook('turtlesim', 'ld_library_path_lib')
[32.570s] INFO:colcon.colcon_core.shell:Creating environment hook '/root/ws/src/install/turtlesim/share/turtlesim/hook/ld_library_path_lib.ps1'
[32.571s] INFO:colcon.colcon_core.shell:Creating environment descriptor '/root/ws/src/install/turtlesim/share/turtlesim/hook/ld_library_path_lib.dsv'
[32.571s] INFO:colcon.colcon_core.shell:Creating environment hook '/root/ws/src/install/turtlesim/share/turtlesim/hook/ld_library_path_lib.sh'
[32.571s] Level 1:colcon.colcon_core.environment:checking '/root/ws/src/install/turtlesim/bin'
[32.571s] Level 1:colcon.colcon_core.environment:checking '/root/ws/src/install/turtlesim/lib/pkgconfig/turtlesim.pc'
[32.571s] Level 1:colcon.colcon_core.environment:checking '/root/ws/src/install/turtlesim/lib/python3.10/site-packages'
[32.572s] Level 1:colcon.colcon_core.environment:checking '/root/ws/src/install/turtlesim/bin'
[32.574s] INFO:colcon.colcon_core.shell:Creating package script '/root/ws/src/install/turtlesim/share/turtlesim/package.ps1'
[32.575s] INFO:colcon.colcon_core.shell:Creating package descriptor '/root/ws/src/install/turtlesim/share/turtlesim/package.dsv'
[32.576s] INFO:colcon.colcon_core.shell:Creating package script '/root/ws/src/install/turtlesim/share/turtlesim/package.sh'
[32.576s] INFO:colcon.colcon_core.shell:Creating package script '/root/ws/src/install/turtlesim/share/turtlesim/package.bash'
[32.577s] INFO:colcon.colcon_core.shell:Creating package script '/root/ws/src/install/turtlesim/share/turtlesim/package.zsh'
[32.577s] Level 1:colcon.colcon_core.environment:create_file_with_runtime_dependencies(/root/ws/src/install/turtlesim/share/colcon-core/packages/turtlesim)
[32.577s] DEBUG:colcon.colcon_parallel_executor.executor.parallel:closing loop
[32.578s] DEBUG:colcon.colcon_parallel_executor.executor.parallel:loop closed
[32.578s] DEBUG:colcon.colcon_parallel_executor.executor.parallel:run_until_complete finished with '0'
[32.578s] DEBUG:colcon.colcon_core.event_reactor:joining thread
[32.588s] INFO:colcon.colcon_core.plugin_system:Skipping extension 'colcon_notification.desktop_notification.notify_send': Could not find 'notify-send'
[32.588s] INFO:colcon.colcon_core.plugin_system:Skipping extension 'colcon_notification.desktop_notification.terminal_notifier': Not used on non-Darwin systems
[32.588s] INFO:colcon.colcon_core.plugin_system:Skipping extension 'colcon_notification.desktop_notification.win32': Not used on non-Windows systems
[32.588s] INFO:colcon.colcon_notification.desktop_notification:Sending desktop notification using 'notify2'
[32.588s] DEBUG:colcon.colcon_notification.desktop_notification.notify2:Failed to initialize notify2: org.freedesktop.DBus.Error.NotSupported: Unable to autolaunch a dbus-daemon without a $DISPLAY for X11
[32.589s] DEBUG:colcon.colcon_core.event_reactor:joined thread
[32.591s] INFO:colcon.colcon_core.shell:Creating prefix script '/root/ws/src/install/local_setup.ps1'
[32.592s] INFO:colcon.colcon_core.shell:Creating prefix util module '/root/ws/src/install/_local_setup_util_ps1.py'
[32.594s] INFO:colcon.colcon_core.shell:Creating prefix chain script '/root/ws/src/install/setup.ps1'
[32.595s] INFO:colcon.colcon_core.shell:Creating prefix script '/root/ws/src/install/local_setup.sh'
[32.596s] INFO:colcon.colcon_core.shell:Creating prefix util module '/root/ws/src/install/_local_setup_util_sh.py'
[32.596s] INFO:colcon.colcon_core.shell:Creating prefix chain script '/root/ws/src/install/setup.sh'
[32.598s] INFO:colcon.colcon_core.shell:Creating prefix script '/root/ws/src/install/local_setup.bash'
[32.598s] INFO:colcon.colcon_core.shell:Creating prefix chain script '/root/ws/src/install/setup.bash'
[32.599s] INFO:colcon.colcon_core.shell:Creating prefix script '/root/ws/src/install/local_setup.zsh'
[32.600s] INFO:colcon.colcon_core.shell:Creating prefix chain script '/root/ws/src/install/setup.zsh'
