[0.015s] Invoking command in '/root/ws/src/build/turtlesim': CMAKE_PREFIX_PATH=/opt/ros/humble /usr/bin/cmake /root/ws/src/ros_tutorials/turtlesim -DAMENT_CMAKE_SYMLINK_INSTALL=1 -DCMAKE_INSTALL_PREFIX=/root/ws/src/install/turtlesim
[0.067s] -- The C compiler identification is GNU 11.3.0
[0.122s] -- The CXX compiler identification is GNU 11.3.0
[0.129s] -- Detecting C compiler ABI info
[0.188s] -- Detecting C compiler ABI info - done
[0.195s] -- Check for working C compiler: /usr/bin/cc - skipped
[0.196s] -- Detecting C compile features
[0.196s] -- Detecting C compile features - done
[0.201s] -- Detecting CXX compiler ABI info
[0.276s] -- Detecting CXX compiler ABI info - done
[0.286s] -- Check for working CXX compiler: /usr/bin/c++ - skipped
[0.286s] -- Detecting CXX compile features
[0.287s] -- Detecting CXX compile features - done
[0.289s] -- Found ament_cmake: 1.3.2 (/opt/ros/humble/share/ament_cmake/cmake)
[0.456s] -- Found Python3: /usr/bin/python3.10 (found version "3.10.6") found components: Interpreter 
[0.523s] -- Override CMake install command with custom implementation using symlinks instead of copying resources
[0.552s] -- Found ament_index_cpp: 1.4.0 (/opt/ros/humble/share/ament_index_cpp/cmake)
[0.554s] -- Found geometry_msgs: 4.2.2 (/opt/ros/humble/share/geometry_msgs/cmake)
[0.591s] -- Found rosidl_generator_c: 3.1.3 (/opt/ros/humble/share/rosidl_generator_c/cmake)
[0.596s] -- Found rosidl_adapter: 3.1.3 (/opt/ros/humble/share/rosidl_adapter/cmake)
[0.607s] -- Found rosidl_generator_cpp: 3.1.3 (/opt/ros/humble/share/rosidl_generator_cpp/cmake)
[0.623s] -- Using all available rosidl_typesupport_c: rosidl_typesupport_fastrtps_c;rosidl_typesupport_introspection_c
[0.644s] -- Using all available rosidl_typesupport_cpp: rosidl_typesupport_fastrtps_cpp;rosidl_typesupport_introspection_cpp
[0.783s] -- Found rclcpp: 16.0.1 (/opt/ros/humble/share/rclcpp/cmake)
[0.846s] -- Found rmw_implementation_cmake: 6.1.0 (/opt/ros/humble/share/rmw_implementation_cmake/cmake)
[0.849s] -- Found rmw_fastrtps_cpp: 6.2.1 (/opt/ros/humble/share/rmw_fastrtps_cpp/cmake)
[0.947s] -- Found OpenSSL: /usr/lib/x86_64-linux-gnu/libcrypto.so (found version "3.0.2")  
[0.972s] -- Found FastRTPS: /opt/ros/humble/include  
[1.030s] -- Using RMW implementation 'rmw_fastrtps_cpp' as default
[1.173s] -- Found rclcpp_action: 16.0.1 (/opt/ros/humble/share/rclcpp_action/cmake)
[1.278s] -- Found rosidl_default_generators: 1.2.0 (/opt/ros/humble/share/rosidl_default_generators/cmake)
[1.288s] -- Found std_srvs: 4.2.2 (/opt/ros/humble/share/std_srvs/cmake)
[1.640s] -- Found ament_cmake_ros: 0.10.0 (/opt/ros/humble/share/ament_cmake_ros/cmake)
[1.964s] -- Using all available rosidl_typesupport_c: rosidl_typesupport_fastrtps_c;rosidl_typesupport_introspection_c
[2.092s] -- Using all available rosidl_typesupport_cpp: rosidl_typesupport_fastrtps_cpp;rosidl_typesupport_introspection_cpp
[2.115s] -- Found PythonInterp: /usr/bin/python3 (found suitable version "3.10.6", minimum required is "3.6") 
[2.117s] -- Found python_cmake_module: 0.10.0 (/opt/ros/humble/share/python_cmake_module/cmake)
[2.142s] -- Found PythonLibs: /usr/lib/x86_64-linux-gnu/libpython3.10.so (found suitable version "3.10.6", minimum required is "3.5") 
[2.142s] -- Using PYTHON_EXECUTABLE: /usr/bin/python3
[2.142s] -- Using PYTHON_INCLUDE_DIRS: /usr/include/python3.10
[2.142s] -- Using PYTHON_LIBRARIES: /usr/lib/x86_64-linux-gnu/libpython3.10.so
[2.162s] -- Found PythonExtra: .so  
[2.229s] -- Configuring done
[2.304s] -- Generating done
[2.308s] -- Build files have been written to: /root/ws/src/build/turtlesim
[2.320s] Invoked command in '/root/ws/src/build/turtlesim' returned '0': CMAKE_PREFIX_PATH=/opt/ros/humble /usr/bin/cmake /root/ws/src/ros_tutorials/turtlesim -DAMENT_CMAKE_SYMLINK_INSTALL=1 -DCMAKE_INSTALL_PREFIX=/root/ws/src/install/turtlesim
[2.322s] Invoking command in '/root/ws/src/build/turtlesim': CMAKE_PREFIX_PATH=/opt/ros/humble /usr/bin/cmake --build /root/ws/src/build/turtlesim -- -j8 -l8
[2.360s] [  1%] [34m[1mGenerating C code for ROS interfaces[0m
[2.368s] [  2%] [34m[1mGenerating C++ code for ROS interfaces[0m
[2.376s] [  2%] Built target ament_cmake_python_symlink_turtlesim
[2.618s] running egg_info
[2.619s] creating turtlesim.egg-info
[2.619s] writing turtlesim.egg-info/PKG-INFO
[2.619s] writing dependency_links to turtlesim.egg-info/dependency_links.txt
[2.619s] writing top-level names to turtlesim.egg-info/top_level.txt
[2.620s] writing manifest file 'turtlesim.egg-info/SOURCES.txt'
[2.623s] reading manifest file 'turtlesim.egg-info/SOURCES.txt'
[2.624s] writing manifest file 'turtlesim.egg-info/SOURCES.txt'
[2.650s] [  2%] Built target ament_cmake_python_build_turtlesim_egg
[3.459s] [  2%] Built target turtlesim__cpp
[3.468s] [  5%] [34m[1mGenerating C++ introspection for ROS interfaces[0m
[3.468s] [  5%] [34m[1mGenerating C++ type support dispatch for ROS interfaces[0m
[3.468s] [  5%] [34m[1mGenerating C++ type support for eProsima Fast-RTPS[0m
[3.583s] [  8%] [32mBuilding C object CMakeFiles/turtlesim__rosidl_generator_c.dir/rosidl_generator_c/turtlesim/msg/detail/pose__functions.c.o[0m
[3.583s] [  8%] [32mBuilding C object CMakeFiles/turtlesim__rosidl_generator_c.dir/rosidl_generator_c/turtlesim/action/detail/rotate_absolute__functions.c.o[0m
[3.583s] [  8%] [32mBuilding C object CMakeFiles/turtlesim__rosidl_generator_c.dir/rosidl_generator_c/turtlesim/msg/detail/color__functions.c.o[0m
[3.584s] [  9%] [32mBuilding C object CMakeFiles/turtlesim__rosidl_generator_c.dir/rosidl_generator_c/turtlesim/srv/detail/kill__functions.c.o[0m
[3.588s] [ 10%] [32mBuilding C object CMakeFiles/turtlesim__rosidl_generator_c.dir/rosidl_generator_c/turtlesim/srv/detail/set_pen__functions.c.o[0m
[3.658s] [ 11%] [32mBuilding C object CMakeFiles/turtlesim__rosidl_generator_c.dir/rosidl_generator_c/turtlesim/srv/detail/spawn__functions.c.o[0m
[3.661s] [ 12%] [32mBuilding C object CMakeFiles/turtlesim__rosidl_generator_c.dir/rosidl_generator_c/turtlesim/srv/detail/teleport_absolute__functions.c.o[0m
[3.674s] [ 13%] [32mBuilding C object CMakeFiles/turtlesim__rosidl_generator_c.dir/rosidl_generator_c/turtlesim/srv/detail/teleport_relative__functions.c.o[0m
[3.760s] [ 14%] [32m[1mLinking C shared library libturtlesim__rosidl_generator_c.so[0m
[3.795s] [ 14%] Built target turtlesim__rosidl_generator_c
[3.803s] [ 15%] [34m[1mGenerating C introspection for ROS interfaces[0m
[3.807s] [ 16%] [34m[1mGenerating C type support dispatch for ROS interfaces[0m
[3.807s] [ 17%] [34m[1mGenerating C type support for eProsima Fast-RTPS[0m
[4.444s] [ 19%] [32mBuilding CXX object CMakeFiles/turtlesim__rosidl_typesupport_cpp.dir/rosidl_typesupport_cpp/turtlesim/action/rotate_absolute__type_support.cpp.o[0m
[4.445s] [ 19%] [32mBuilding CXX object CMakeFiles/turtlesim__rosidl_typesupport_cpp.dir/rosidl_typesupport_cpp/turtlesim/msg/color__type_support.cpp.o[0m
[4.446s] [ 20%] [32mBuilding CXX object CMakeFiles/turtlesim__rosidl_typesupport_cpp.dir/rosidl_typesupport_cpp/turtlesim/msg/pose__type_support.cpp.o[0m
[4.708s] [ 21%] [32mBuilding CXX object CMakeFiles/turtlesim__rosidl_typesupport_introspection_cpp.dir/rosidl_typesupport_introspection_cpp/turtlesim/action/detail/rotate_absolute__type_support.cpp.o[0m
[4.807s] [ 22%] [32mBuilding CXX object CMakeFiles/turtlesim__rosidl_typesupport_c.dir/rosidl_typesupport_c/turtlesim/action/rotate_absolute__type_support.cpp.o[0m
[4.888s] [ 23%] [32mBuilding CXX object CMakeFiles/turtlesim__rosidl_typesupport_c.dir/rosidl_typesupport_c/turtlesim/msg/color__type_support.cpp.o[0m
[4.930s] [ 24%] [32mBuilding CXX object CMakeFiles/turtlesim__rosidl_typesupport_cpp.dir/rosidl_typesupport_cpp/turtlesim/srv/kill__type_support.cpp.o[0m
[4.934s] [ 25%] [32mBuilding CXX object CMakeFiles/turtlesim__rosidl_typesupport_c.dir/rosidl_typesupport_c/turtlesim/msg/pose__type_support.cpp.o[0m
[4.958s] [ 26%] [32mBuilding CXX object CMakeFiles/turtlesim__rosidl_typesupport_cpp.dir/rosidl_typesupport_cpp/turtlesim/srv/set_pen__type_support.cpp.o[0m
[4.973s] [ 27%] [32mBuilding CXX object CMakeFiles/turtlesim__rosidl_typesupport_fastrtps_cpp.dir/rosidl_typesupport_fastrtps_cpp/turtlesim/action/detail/dds_fastrtps/rotate_absolute__type_support.cpp.o[0m
[4.976s] [ 28%] [32mBuilding CXX object CMakeFiles/turtlesim__rosidl_typesupport_c.dir/rosidl_typesupport_c/turtlesim/srv/kill__type_support.cpp.o[0m
[5.021s] [ 29%] [32mBuilding CXX object CMakeFiles/turtlesim__rosidl_typesupport_c.dir/rosidl_typesupport_c/turtlesim/srv/set_pen__type_support.cpp.o[0m
[5.046s] [ 30%] [32mBuilding C object CMakeFiles/turtlesim__rosidl_typesupport_introspection_c.dir/rosidl_typesupport_introspection_c/turtlesim/action/detail/rotate_absolute__type_support.c.o[0m
[5.070s] [ 31%] [32mBuilding CXX object CMakeFiles/turtlesim__rosidl_typesupport_c.dir/rosidl_typesupport_c/turtlesim/srv/spawn__type_support.cpp.o[0m
[5.116s] [ 32%] [32mBuilding CXX object CMakeFiles/turtlesim__rosidl_typesupport_c.dir/rosidl_typesupport_c/turtlesim/srv/teleport_absolute__type_support.cpp.o[0m
[5.122s] [ 33%] [32mBuilding C object CMakeFiles/turtlesim__rosidl_typesupport_introspection_c.dir/rosidl_typesupport_introspection_c/turtlesim/msg/detail/color__type_support.c.o[0m
[5.124s] [ 34%] [32mBuilding CXX object CMakeFiles/turtlesim__rosidl_typesupport_fastrtps_c.dir/rosidl_typesupport_fastrtps_c/turtlesim/action/detail/rotate_absolute__type_support_c.cpp.o[0m
[5.170s] [ 35%] [32mBuilding CXX object CMakeFiles/turtlesim__rosidl_typesupport_c.dir/rosidl_typesupport_c/turtlesim/srv/teleport_relative__type_support.cpp.o[0m
[5.176s] [ 36%] [32mBuilding C object CMakeFiles/turtlesim__rosidl_typesupport_introspection_c.dir/rosidl_typesupport_introspection_c/turtlesim/msg/detail/pose__type_support.c.o[0m
[5.217s] [ 37%] [32m[1mLinking CXX shared library libturtlesim__rosidl_typesupport_c.so[0m
[5.231s] [ 38%] [32mBuilding C object CMakeFiles/turtlesim__rosidl_typesupport_introspection_c.dir/rosidl_typesupport_introspection_c/turtlesim/srv/detail/kill__type_support.c.o[0m
[5.258s] [ 39%] [32mBuilding CXX object CMakeFiles/turtlesim__rosidl_typesupport_fastrtps_c.dir/rosidl_typesupport_fastrtps_c/turtlesim/msg/detail/color__type_support_c.cpp.o[0m
[5.288s] [ 39%] Built target turtlesim__rosidl_typesupport_c
[5.291s] [ 40%] [32mBuilding C object CMakeFiles/turtlesim__rosidl_typesupport_introspection_c.dir/rosidl_typesupport_introspection_c/turtlesim/srv/detail/set_pen__type_support.c.o[0m
[5.299s] [ 41%] [32mBuilding C object CMakeFiles/turtlesim__rosidl_typesupport_introspection_c.dir/rosidl_typesupport_introspection_c/turtlesim/srv/detail/spawn__type_support.c.o[0m
[5.350s] [ 42%] [32mBuilding C object CMakeFiles/turtlesim__rosidl_typesupport_introspection_c.dir/rosidl_typesupport_introspection_c/turtlesim/srv/detail/teleport_absolute__type_support.c.o[0m
[5.357s] [ 43%] [32mBuilding C object CMakeFiles/turtlesim__rosidl_typesupport_introspection_c.dir/rosidl_typesupport_introspection_c/turtlesim/srv/detail/teleport_relative__type_support.c.o[0m
[5.411s] [ 44%] [32mBuilding CXX object CMakeFiles/turtlesim__rosidl_typesupport_cpp.dir/rosidl_typesupport_cpp/turtlesim/srv/spawn__type_support.cpp.o[0m
[5.411s] [ 45%] [32mBuilding CXX object CMakeFiles/turtlesim__rosidl_typesupport_fastrtps_c.dir/rosidl_typesupport_fastrtps_c/turtlesim/msg/detail/pose__type_support_c.cpp.o[0m
[5.412s] [ 46%] [32m[1mLinking C shared library libturtlesim__rosidl_typesupport_introspection_c.so[0m
[5.441s] [ 47%] [32mBuilding CXX object CMakeFiles/turtlesim__rosidl_typesupport_cpp.dir/rosidl_typesupport_cpp/turtlesim/srv/teleport_absolute__type_support.cpp.o[0m
[5.462s] [ 47%] Built target turtlesim__rosidl_typesupport_introspection_c
[5.473s] [ 48%] [32mBuilding CXX object CMakeFiles/turtlesim__rosidl_typesupport_cpp.dir/rosidl_typesupport_cpp/turtlesim/srv/teleport_relative__type_support.cpp.o[0m
[5.695s] [ 49%] [32mBuilding CXX object CMakeFiles/turtlesim__rosidl_typesupport_introspection_cpp.dir/rosidl_typesupport_introspection_cpp/turtlesim/msg/detail/color__type_support.cpp.o[0m
[5.811s] [ 50%] [32mBuilding CXX object CMakeFiles/turtlesim__rosidl_typesupport_fastrtps_c.dir/rosidl_typesupport_fastrtps_c/turtlesim/srv/detail/kill__type_support_c.cpp.o[0m
[5.838s] [ 51%] [32mBuilding CXX object CMakeFiles/turtlesim__rosidl_typesupport_fastrtps_c.dir/rosidl_typesupport_fastrtps_c/turtlesim/srv/detail/set_pen__type_support_c.cpp.o[0m
[5.877s] [ 52%] [32mBuilding CXX object CMakeFiles/turtlesim__rosidl_typesupport_fastrtps_c.dir/rosidl_typesupport_fastrtps_c/turtlesim/srv/detail/spawn__type_support_c.cpp.o[0m
[5.903s] [ 53%] [32mBuilding CXX object CMakeFiles/turtlesim__rosidl_typesupport_fastrtps_cpp.dir/rosidl_typesupport_fastrtps_cpp/turtlesim/msg/detail/dds_fastrtps/color__type_support.cpp.o[0m
[5.934s] [ 54%] [32mBuilding CXX object CMakeFiles/turtlesim__rosidl_typesupport_fastrtps_cpp.dir/rosidl_typesupport_fastrtps_cpp/turtlesim/msg/detail/dds_fastrtps/pose__type_support.cpp.o[0m
[5.947s] [ 55%] [32m[1mLinking CXX shared library libturtlesim__rosidl_typesupport_cpp.so[0m
[5.986s] [ 56%] [32mBuilding CXX object CMakeFiles/turtlesim__rosidl_typesupport_fastrtps_c.dir/rosidl_typesupport_fastrtps_c/turtlesim/srv/detail/teleport_absolute__type_support_c.cpp.o[0m
[6.024s] [ 56%] Built target turtlesim__rosidl_typesupport_cpp
[6.045s] [ 57%] [34m[1mGenerating include/turtlesim/moc_turtle_frame.cpp[0m
[6.167s] [ 58%] [32mBuilding CXX object CMakeFiles/turtlesim_node.dir/src/turtlesim.cpp.o[0m
[6.320s] [ 59%] [32mBuilding CXX object CMakeFiles/turtlesim__rosidl_typesupport_introspection_cpp.dir/rosidl_typesupport_introspection_cpp/turtlesim/msg/detail/pose__type_support.cpp.o[0m
[6.394s] [ 60%] [32mBuilding CXX object CMakeFiles/turtlesim_node.dir/src/turtle.cpp.o[0m
[6.450s] [ 61%] [32mBuilding CXX object CMakeFiles/turtlesim__rosidl_typesupport_fastrtps_c.dir/rosidl_typesupport_fastrtps_c/turtlesim/srv/detail/teleport_relative__type_support_c.cpp.o[0m
[6.495s] [ 62%] [32mBuilding CXX object CMakeFiles/turtlesim_node.dir/src/turtle_frame.cpp.o[0m
[6.562s] [ 63%] [32mBuilding CXX object CMakeFiles/turtlesim__rosidl_typesupport_fastrtps_cpp.dir/rosidl_typesupport_fastrtps_cpp/turtlesim/srv/detail/dds_fastrtps/kill__type_support.cpp.o[0m
[6.574s] [ 64%] [32mBuilding CXX object CMakeFiles/turtlesim__rosidl_typesupport_fastrtps_cpp.dir/rosidl_typesupport_fastrtps_cpp/turtlesim/srv/detail/dds_fastrtps/set_pen__type_support.cpp.o[0m
[6.669s] [ 65%] [32mBuilding CXX object CMakeFiles/turtlesim__rosidl_typesupport_fastrtps_cpp.dir/rosidl_typesupport_fastrtps_cpp/turtlesim/srv/detail/dds_fastrtps/spawn__type_support.cpp.o[0m
[6.961s] [ 66%] [32mBuilding CXX object CMakeFiles/turtlesim__rosidl_typesupport_introspection_cpp.dir/rosidl_typesupport_introspection_cpp/turtlesim/srv/detail/kill__type_support.cpp.o[0m
[7.117s] [ 67%] [32m[1mLinking CXX shared library libturtlesim__rosidl_typesupport_fastrtps_c.so[0m
[7.264s] [ 67%] Built target turtlesim__rosidl_typesupport_fastrtps_c
[7.294s] [ 68%] [32mBuilding CXX object CMakeFiles/turtle_teleop_key.dir/tutorials/teleop_turtle_key.cpp.o[0m
[7.341s] [ 69%] [32mBuilding CXX object CMakeFiles/turtlesim__rosidl_typesupport_fastrtps_cpp.dir/rosidl_typesupport_fastrtps_cpp/turtlesim/srv/detail/dds_fastrtps/teleport_absolute__type_support.cpp.o[0m
[7.376s] [ 70%] [32mBuilding CXX object CMakeFiles/turtlesim__rosidl_typesupport_fastrtps_cpp.dir/rosidl_typesupport_fastrtps_cpp/turtlesim/srv/detail/dds_fastrtps/teleport_relative__type_support.cpp.o[0m
[7.509s] [ 71%] [32mBuilding CXX object CMakeFiles/draw_square.dir/tutorials/draw_square.cpp.o[0m
[7.699s] [ 72%] [32mBuilding CXX object CMakeFiles/turtlesim__rosidl_typesupport_introspection_cpp.dir/rosidl_typesupport_introspection_cpp/turtlesim/srv/detail/set_pen__type_support.cpp.o[0m
[8.081s] [ 73%] [32mBuilding CXX object CMakeFiles/turtlesim__rosidl_typesupport_introspection_cpp.dir/rosidl_typesupport_introspection_cpp/turtlesim/srv/detail/spawn__type_support.cpp.o[0m
[8.097s] [ 74%] [32m[1mLinking CXX shared library libturtlesim__rosidl_typesupport_fastrtps_cpp.so[0m
[8.246s] [ 74%] Built target turtlesim__rosidl_typesupport_fastrtps_cpp
[8.279s] [ 75%] [32mBuilding CXX object CMakeFiles/mimic.dir/tutorials/mimic.cpp.o[0m
[8.415s] [ 76%] [32mBuilding CXX object CMakeFiles/turtlesim__rosidl_typesupport_introspection_cpp.dir/rosidl_typesupport_introspection_cpp/turtlesim/srv/detail/teleport_absolute__type_support.cpp.o[0m
[8.776s] [ 77%] [32mBuilding CXX object CMakeFiles/turtlesim__rosidl_typesupport_introspection_cpp.dir/rosidl_typesupport_introspection_cpp/turtlesim/srv/detail/teleport_relative__type_support.cpp.o[0m
[9.159s] [ 78%] [32mBuilding CXX object CMakeFiles/turtlesim_node.dir/include/turtlesim/moc_turtle_frame.cpp.o[0m
[9.488s] [ 79%] [32m[1mLinking CXX shared library libturtlesim__rosidl_typesupport_introspection_cpp.so[0m
[9.650s] [ 79%] Built target turtlesim__rosidl_typesupport_introspection_cpp
[9.681s] [ 79%] Built target turtlesim
[9.723s] [ 80%] [34m[1mGenerating Python code for ROS interfaces[0m
[13.717s] [ 80%] Built target turtlesim__py
[13.744s] [ 81%] [32mBuilding C object CMakeFiles/turtlesim__rosidl_generator_py.dir/rosidl_generator_py/turtlesim/action/_rotate_absolute_s.c.o[0m
[14.009s] [ 82%] [32mBuilding C object CMakeFiles/turtlesim__rosidl_generator_py.dir/rosidl_generator_py/turtlesim/msg/_color_s.c.o[0m
[14.197s] [ 83%] [32mBuilding C object CMakeFiles/turtlesim__rosidl_generator_py.dir/rosidl_generator_py/turtlesim/msg/_pose_s.c.o[0m
[14.394s] [ 84%] [32mBuilding C object CMakeFiles/turtlesim__rosidl_generator_py.dir/rosidl_generator_py/turtlesim/srv/_kill_s.c.o[0m
[14.529s] [ 85%] [32mBuilding C object CMakeFiles/turtlesim__rosidl_generator_py.dir/rosidl_generator_py/turtlesim/srv/_set_pen_s.c.o[0m
[14.591s] [ 86%] [32mBuilding C object CMakeFiles/turtlesim__rosidl_generator_py.dir/rosidl_generator_py/turtlesim/srv/_spawn_s.c.o[0m
[14.726s] [ 87%] [32mBuilding C object CMakeFiles/turtlesim__rosidl_generator_py.dir/rosidl_generator_py/turtlesim/srv/_teleport_absolute_s.c.o[0m
[14.797s] [ 88%] [32mBuilding C object CMakeFiles/turtlesim__rosidl_generator_py.dir/rosidl_generator_py/turtlesim/srv/_teleport_relative_s.c.o[0m
[15.000s] [ 89%] [32m[1mLinking C shared library rosidl_generator_py/turtlesim/libturtlesim__rosidl_generator_py.so[0m
[15.072s] [ 89%] Built target turtlesim__rosidl_generator_py
[15.109s] [ 90%] [32mBuilding C object CMakeFiles/turtlesim__rosidl_typesupport_fastrtps_c__pyext.dir/rosidl_generator_py/turtlesim/_turtlesim_s.ep.rosidl_typesupport_fastrtps_c.c.o[0m
[15.124s] [ 91%] [32mBuilding C object CMakeFiles/turtlesim__rosidl_typesupport_introspection_c__pyext.dir/rosidl_generator_py/turtlesim/_turtlesim_s.ep.rosidl_typesupport_introspection_c.c.o[0m
[15.415s] [ 92%] [32m[1mLinking C shared library rosidl_generator_py/turtlesim/turtlesim_s__rosidl_typesupport_fastrtps_c.cpython-310-x86_64-linux-gnu.so[0m
[15.451s] [ 93%] [32m[1mLinking C shared library rosidl_generator_py/turtlesim/turtlesim_s__rosidl_typesupport_introspection_c.cpython-310-x86_64-linux-gnu.so[0m
[15.483s] [ 93%] Built target turtlesim__rosidl_typesupport_fastrtps_c__pyext
[15.530s] [ 93%] Built target turtlesim__rosidl_typesupport_introspection_c__pyext
[15.541s] [ 94%] [32mBuilding C object CMakeFiles/turtlesim__rosidl_typesupport_c__pyext.dir/rosidl_generator_py/turtlesim/_turtlesim_s.ep.rosidl_typesupport_c.c.o[0m
[15.855s] [ 95%] [32m[1mLinking C shared library rosidl_generator_py/turtlesim/turtlesim_s__rosidl_typesupport_c.cpython-310-x86_64-linux-gnu.so[0m
[15.928s] [ 95%] Built target turtlesim__rosidl_typesupport_c__pyext
[18.227s] [ 96%] [32m[1mLinking CXX executable turtle_teleop_key[0m
[18.859s] [ 96%] Built target turtle_teleop_key
[24.079s] [ 97%] [32m[1mLinking CXX executable draw_square[0m
[24.102s] [ 98%] [32m[1mLinking CXX executable mimic[0m
[24.999s] [ 98%] Built target mimic
[25.076s] [ 98%] Built target draw_square
[27.774s] [100%] [32m[1mLinking CXX executable turtlesim_node[0m
[30.318s] [100%] Built target turtlesim_node
[30.329s] Invoked command in '/root/ws/src/build/turtlesim' returned '0': CMAKE_PREFIX_PATH=/opt/ros/humble /usr/bin/cmake --build /root/ws/src/build/turtlesim -- -j8 -l8
[30.508s] Invoking command in '/root/ws/src/build/turtlesim': CMAKE_PREFIX_PATH=/opt/ros/humble /usr/bin/cmake --install /root/ws/src/build/turtlesim
[30.515s] -- Install configuration: ""
[30.515s] -- Execute custom install script
[30.515s] -- Symlinking: /root/ws/src/install/turtlesim/share/ament_index/resource_index/rosidl_interfaces/turtlesim
[30.523s] -- Symlinking: /root/ws/src/install/turtlesim/include/turtlesim/turtlesim/action/detail/rotate_absolute__functions.h
[30.530s] -- Symlinking: /root/ws/src/install/turtlesim/include/turtlesim/turtlesim/action/detail/rotate_absolute__struct.h
[30.537s] -- Symlinking: /root/ws/src/install/turtlesim/include/turtlesim/turtlesim/action/detail/rotate_absolute__type_support.h
[30.544s] -- Symlinking: /root/ws/src/install/turtlesim/include/turtlesim/turtlesim/action/rotate_absolute.h
[30.552s] -- Symlinking: /root/ws/src/install/turtlesim/include/turtlesim/turtlesim/msg/color.h
[30.561s] -- Symlinking: /root/ws/src/install/turtlesim/include/turtlesim/turtlesim/msg/detail/color__functions.h
[30.568s] -- Symlinking: /root/ws/src/install/turtlesim/include/turtlesim/turtlesim/msg/detail/color__struct.h
[30.575s] -- Symlinking: /root/ws/src/install/turtlesim/include/turtlesim/turtlesim/msg/detail/color__type_support.h
[30.582s] -- Symlinking: /root/ws/src/install/turtlesim/include/turtlesim/turtlesim/msg/detail/pose__functions.h
[30.589s] -- Symlinking: /root/ws/src/install/turtlesim/include/turtlesim/turtlesim/msg/detail/pose__struct.h
[30.596s] -- Symlinking: /root/ws/src/install/turtlesim/include/turtlesim/turtlesim/msg/detail/pose__type_support.h
[30.603s] -- Symlinking: /root/ws/src/install/turtlesim/include/turtlesim/turtlesim/msg/pose.h
[30.610s] -- Symlinking: /root/ws/src/install/turtlesim/include/turtlesim/turtlesim/msg/rosidl_generator_c__visibility_control.h
[30.618s] -- Symlinking: /root/ws/src/install/turtlesim/include/turtlesim/turtlesim/srv/detail/kill__functions.h
[30.625s] -- Symlinking: /root/ws/src/install/turtlesim/include/turtlesim/turtlesim/srv/detail/kill__struct.h
[30.632s] -- Symlinking: /root/ws/src/install/turtlesim/include/turtlesim/turtlesim/srv/detail/kill__type_support.h
[30.639s] -- Symlinking: /root/ws/src/install/turtlesim/include/turtlesim/turtlesim/srv/detail/set_pen__functions.h
[30.647s] -- Symlinking: /root/ws/src/install/turtlesim/include/turtlesim/turtlesim/srv/detail/set_pen__struct.h
[30.655s] -- Symlinking: /root/ws/src/install/turtlesim/include/turtlesim/turtlesim/srv/detail/set_pen__type_support.h
[30.663s] -- Symlinking: /root/ws/src/install/turtlesim/include/turtlesim/turtlesim/srv/detail/spawn__functions.h
[30.670s] -- Symlinking: /root/ws/src/install/turtlesim/include/turtlesim/turtlesim/srv/detail/spawn__struct.h
[30.678s] -- Symlinking: /root/ws/src/install/turtlesim/include/turtlesim/turtlesim/srv/detail/spawn__type_support.h
[30.686s] -- Symlinking: /root/ws/src/install/turtlesim/include/turtlesim/turtlesim/srv/detail/teleport_absolute__functions.h
[30.693s] -- Symlinking: /root/ws/src/install/turtlesim/include/turtlesim/turtlesim/srv/detail/teleport_absolute__struct.h
[30.700s] -- Symlinking: /root/ws/src/install/turtlesim/include/turtlesim/turtlesim/srv/detail/teleport_absolute__type_support.h
[30.707s] -- Symlinking: /root/ws/src/install/turtlesim/include/turtlesim/turtlesim/srv/detail/teleport_relative__functions.h
[30.714s] -- Symlinking: /root/ws/src/install/turtlesim/include/turtlesim/turtlesim/srv/detail/teleport_relative__struct.h
[30.721s] -- Symlinking: /root/ws/src/install/turtlesim/include/turtlesim/turtlesim/srv/detail/teleport_relative__type_support.h
[30.728s] -- Symlinking: /root/ws/src/install/turtlesim/include/turtlesim/turtlesim/srv/kill.h
[30.734s] -- Symlinking: /root/ws/src/install/turtlesim/include/turtlesim/turtlesim/srv/set_pen.h
[30.741s] -- Symlinking: /root/ws/src/install/turtlesim/include/turtlesim/turtlesim/srv/spawn.h
[30.749s] -- Symlinking: /root/ws/src/install/turtlesim/include/turtlesim/turtlesim/srv/teleport_absolute.h
[30.758s] -- Symlinking: /root/ws/src/install/turtlesim/include/turtlesim/turtlesim/srv/teleport_relative.h
[30.766s] -- Symlinking: /root/ws/src/install/turtlesim/share/turtlesim/environment/library_path.sh
[30.773s] -- Symlinking: /root/ws/src/install/turtlesim/share/turtlesim/environment/library_path.dsv
[30.781s] -- Symlinking: /root/ws/src/install/turtlesim/include/turtlesim/turtlesim/action/detail/rotate_absolute__rosidl_typesupport_fastrtps_c.h
[30.788s] -- Symlinking: /root/ws/src/install/turtlesim/include/turtlesim/turtlesim/msg/detail/color__rosidl_typesupport_fastrtps_c.h
[30.796s] -- Symlinking: /root/ws/src/install/turtlesim/include/turtlesim/turtlesim/msg/detail/pose__rosidl_typesupport_fastrtps_c.h
[30.803s] -- Symlinking: /root/ws/src/install/turtlesim/include/turtlesim/turtlesim/msg/rosidl_typesupport_fastrtps_c__visibility_control.h
[30.810s] -- Symlinking: /root/ws/src/install/turtlesim/include/turtlesim/turtlesim/srv/detail/kill__rosidl_typesupport_fastrtps_c.h
[30.818s] -- Symlinking: /root/ws/src/install/turtlesim/include/turtlesim/turtlesim/srv/detail/set_pen__rosidl_typesupport_fastrtps_c.h
[30.825s] -- Symlinking: /root/ws/src/install/turtlesim/include/turtlesim/turtlesim/srv/detail/spawn__rosidl_typesupport_fastrtps_c.h
[30.833s] -- Symlinking: /root/ws/src/install/turtlesim/include/turtlesim/turtlesim/srv/detail/teleport_absolute__rosidl_typesupport_fastrtps_c.h
[30.840s] -- Symlinking: /root/ws/src/install/turtlesim/include/turtlesim/turtlesim/srv/detail/teleport_relative__rosidl_typesupport_fastrtps_c.h
[30.848s] -- Symlinking: /root/ws/src/install/turtlesim/include/turtlesim/turtlesim/action/detail/rotate_absolute__builder.hpp
[30.856s] -- Symlinking: /root/ws/src/install/turtlesim/include/turtlesim/turtlesim/action/detail/rotate_absolute__struct.hpp
[30.864s] -- Symlinking: /root/ws/src/install/turtlesim/include/turtlesim/turtlesim/action/detail/rotate_absolute__traits.hpp
[30.870s] -- Symlinking: /root/ws/src/install/turtlesim/include/turtlesim/turtlesim/action/rotate_absolute.hpp
[30.878s] -- Symlinking: /root/ws/src/install/turtlesim/include/turtlesim/turtlesim/msg/color.hpp
[30.885s] -- Symlinking: /root/ws/src/install/turtlesim/include/turtlesim/turtlesim/msg/detail/color__builder.hpp
[30.892s] -- Symlinking: /root/ws/src/install/turtlesim/include/turtlesim/turtlesim/msg/detail/color__struct.hpp
[30.899s] -- Symlinking: /root/ws/src/install/turtlesim/include/turtlesim/turtlesim/msg/detail/color__traits.hpp
[30.906s] -- Symlinking: /root/ws/src/install/turtlesim/include/turtlesim/turtlesim/msg/detail/pose__builder.hpp
[30.912s] -- Symlinking: /root/ws/src/install/turtlesim/include/turtlesim/turtlesim/msg/detail/pose__struct.hpp
[30.919s] -- Symlinking: /root/ws/src/install/turtlesim/include/turtlesim/turtlesim/msg/detail/pose__traits.hpp
[30.927s] -- Symlinking: /root/ws/src/install/turtlesim/include/turtlesim/turtlesim/msg/pose.hpp
[30.934s] -- Symlinking: /root/ws/src/install/turtlesim/include/turtlesim/turtlesim/srv/detail/kill__builder.hpp
[30.941s] -- Symlinking: /root/ws/src/install/turtlesim/include/turtlesim/turtlesim/srv/detail/kill__struct.hpp
[30.948s] -- Symlinking: /root/ws/src/install/turtlesim/include/turtlesim/turtlesim/srv/detail/kill__traits.hpp
[30.956s] -- Symlinking: /root/ws/src/install/turtlesim/include/turtlesim/turtlesim/srv/detail/set_pen__builder.hpp
[30.964s] -- Symlinking: /root/ws/src/install/turtlesim/include/turtlesim/turtlesim/srv/detail/set_pen__struct.hpp
[30.971s] -- Symlinking: /root/ws/src/install/turtlesim/include/turtlesim/turtlesim/srv/detail/set_pen__traits.hpp
[30.978s] -- Symlinking: /root/ws/src/install/turtlesim/include/turtlesim/turtlesim/srv/detail/spawn__builder.hpp
[30.985s] -- Symlinking: /root/ws/src/install/turtlesim/include/turtlesim/turtlesim/srv/detail/spawn__struct.hpp
[30.993s] -- Symlinking: /root/ws/src/install/turtlesim/include/turtlesim/turtlesim/srv/detail/spawn__traits.hpp
[30.999s] -- Symlinking: /root/ws/src/install/turtlesim/include/turtlesim/turtlesim/srv/detail/teleport_absolute__builder.hpp
[31.007s] -- Symlinking: /root/ws/src/install/turtlesim/include/turtlesim/turtlesim/srv/detail/teleport_absolute__struct.hpp
[31.014s] -- Symlinking: /root/ws/src/install/turtlesim/include/turtlesim/turtlesim/srv/detail/teleport_absolute__traits.hpp
[31.021s] -- Symlinking: /root/ws/src/install/turtlesim/include/turtlesim/turtlesim/srv/detail/teleport_relative__builder.hpp
[31.028s] -- Symlinking: /root/ws/src/install/turtlesim/include/turtlesim/turtlesim/srv/detail/teleport_relative__struct.hpp
[31.035s] -- Symlinking: /root/ws/src/install/turtlesim/include/turtlesim/turtlesim/srv/detail/teleport_relative__traits.hpp
[31.043s] -- Symlinking: /root/ws/src/install/turtlesim/include/turtlesim/turtlesim/srv/kill.hpp
[31.051s] -- Symlinking: /root/ws/src/install/turtlesim/include/turtlesim/turtlesim/srv/set_pen.hpp
[31.059s] -- Symlinking: /root/ws/src/install/turtlesim/include/turtlesim/turtlesim/srv/spawn.hpp
[31.066s] -- Symlinking: /root/ws/src/install/turtlesim/include/turtlesim/turtlesim/srv/teleport_absolute.hpp
[31.073s] -- Symlinking: /root/ws/src/install/turtlesim/include/turtlesim/turtlesim/srv/teleport_relative.hpp
[31.081s] -- Symlinking: /root/ws/src/install/turtlesim/include/turtlesim/turtlesim/action/detail/rotate_absolute__rosidl_typesupport_fastrtps_cpp.hpp
[31.088s] -- Symlinking: /root/ws/src/install/turtlesim/include/turtlesim/turtlesim/msg/detail/color__rosidl_typesupport_fastrtps_cpp.hpp
[31.096s] -- Symlinking: /root/ws/src/install/turtlesim/include/turtlesim/turtlesim/msg/detail/pose__rosidl_typesupport_fastrtps_cpp.hpp
[31.104s] -- Symlinking: /root/ws/src/install/turtlesim/include/turtlesim/turtlesim/msg/rosidl_typesupport_fastrtps_cpp__visibility_control.h
[31.110s] -- Symlinking: /root/ws/src/install/turtlesim/include/turtlesim/turtlesim/srv/detail/kill__rosidl_typesupport_fastrtps_cpp.hpp
[31.117s] -- Symlinking: /root/ws/src/install/turtlesim/include/turtlesim/turtlesim/srv/detail/set_pen__rosidl_typesupport_fastrtps_cpp.hpp
[31.124s] -- Symlinking: /root/ws/src/install/turtlesim/include/turtlesim/turtlesim/srv/detail/spawn__rosidl_typesupport_fastrtps_cpp.hpp
[31.131s] -- Symlinking: /root/ws/src/install/turtlesim/include/turtlesim/turtlesim/srv/detail/teleport_absolute__rosidl_typesupport_fastrtps_cpp.hpp
[31.139s] -- Symlinking: /root/ws/src/install/turtlesim/include/turtlesim/turtlesim/srv/detail/teleport_relative__rosidl_typesupport_fastrtps_cpp.hpp
[31.146s] -- Symlinking: /root/ws/src/install/turtlesim/include/turtlesim/turtlesim/action/detail/rotate_absolute__rosidl_typesupport_introspection_c.h
[31.155s] -- Symlinking: /root/ws/src/install/turtlesim/include/turtlesim/turtlesim/msg/detail/color__rosidl_typesupport_introspection_c.h
[31.163s] -- Symlinking: /root/ws/src/install/turtlesim/include/turtlesim/turtlesim/msg/detail/pose__rosidl_typesupport_introspection_c.h
[31.170s] -- Symlinking: /root/ws/src/install/turtlesim/include/turtlesim/turtlesim/msg/rosidl_typesupport_introspection_c__visibility_control.h
[31.178s] -- Symlinking: /root/ws/src/install/turtlesim/include/turtlesim/turtlesim/srv/detail/kill__rosidl_typesupport_introspection_c.h
[31.184s] -- Symlinking: /root/ws/src/install/turtlesim/include/turtlesim/turtlesim/srv/detail/set_pen__rosidl_typesupport_introspection_c.h
[31.191s] -- Symlinking: /root/ws/src/install/turtlesim/include/turtlesim/turtlesim/srv/detail/spawn__rosidl_typesupport_introspection_c.h
[31.198s] -- Symlinking: /root/ws/src/install/turtlesim/include/turtlesim/turtlesim/srv/detail/teleport_absolute__rosidl_typesupport_introspection_c.h
[31.205s] -- Symlinking: /root/ws/src/install/turtlesim/include/turtlesim/turtlesim/srv/detail/teleport_relative__rosidl_typesupport_introspection_c.h
[31.213s] -- Symlinking: /root/ws/src/install/turtlesim/include/turtlesim/turtlesim/action/detail/rotate_absolute__rosidl_typesupport_introspection_cpp.hpp
[31.220s] -- Symlinking: /root/ws/src/install/turtlesim/include/turtlesim/turtlesim/msg/detail/color__rosidl_typesupport_introspection_cpp.hpp
[31.227s] -- Symlinking: /root/ws/src/install/turtlesim/include/turtlesim/turtlesim/msg/detail/pose__rosidl_typesupport_introspection_cpp.hpp
[31.234s] -- Symlinking: /root/ws/src/install/turtlesim/include/turtlesim/turtlesim/srv/detail/kill__rosidl_typesupport_introspection_cpp.hpp
[31.242s] -- Symlinking: /root/ws/src/install/turtlesim/include/turtlesim/turtlesim/srv/detail/set_pen__rosidl_typesupport_introspection_cpp.hpp
[31.249s] -- Symlinking: /root/ws/src/install/turtlesim/include/turtlesim/turtlesim/srv/detail/spawn__rosidl_typesupport_introspection_cpp.hpp
[31.257s] -- Symlinking: /root/ws/src/install/turtlesim/include/turtlesim/turtlesim/srv/detail/teleport_absolute__rosidl_typesupport_introspection_cpp.hpp
[31.265s] -- Symlinking: /root/ws/src/install/turtlesim/include/turtlesim/turtlesim/srv/detail/teleport_relative__rosidl_typesupport_introspection_cpp.hpp
[31.272s] -- Symlinking: /root/ws/src/install/turtlesim/share/turtlesim/environment/pythonpath.sh
[31.279s] -- Symlinking: /root/ws/src/install/turtlesim/share/turtlesim/environment/pythonpath.dsv
[31.286s] -- Symlinking: /root/ws/src/install/turtlesim/local/lib/python3.10/dist-packages/turtlesim-1.4.1-py3.10.egg-info/PKG-INFO
[31.293s] -- Symlinking: /root/ws/src/install/turtlesim/local/lib/python3.10/dist-packages/turtlesim-1.4.1-py3.10.egg-info/SOURCES.txt
[31.300s] -- Symlinking: /root/ws/src/install/turtlesim/local/lib/python3.10/dist-packages/turtlesim-1.4.1-py3.10.egg-info/dependency_links.txt
[31.307s] -- Symlinking: /root/ws/src/install/turtlesim/local/lib/python3.10/dist-packages/turtlesim-1.4.1-py3.10.egg-info/top_level.txt
[31.315s] -- Symlinking: /root/ws/src/install/turtlesim/local/lib/python3.10/dist-packages/turtlesim/__init__.py
[31.322s] -- Symlinking: /root/ws/src/install/turtlesim/local/lib/python3.10/dist-packages/turtlesim/_turtlesim_s.ep.rosidl_typesupport_c.c
[31.329s] -- Symlinking: /root/ws/src/install/turtlesim/local/lib/python3.10/dist-packages/turtlesim/_turtlesim_s.ep.rosidl_typesupport_fastrtps_c.c
[31.336s] -- Symlinking: /root/ws/src/install/turtlesim/local/lib/python3.10/dist-packages/turtlesim/_turtlesim_s.ep.rosidl_typesupport_introspection_c.c
[31.343s] -- Symlinking: /root/ws/src/install/turtlesim/local/lib/python3.10/dist-packages/turtlesim/action/__init__.py
[31.351s] -- Symlinking: /root/ws/src/install/turtlesim/local/lib/python3.10/dist-packages/turtlesim/action/_rotate_absolute.py
[31.359s] -- Symlinking: /root/ws/src/install/turtlesim/local/lib/python3.10/dist-packages/turtlesim/action/_rotate_absolute_s.c
[31.366s] -- Symlinking: /root/ws/src/install/turtlesim/local/lib/python3.10/dist-packages/turtlesim/libturtlesim__rosidl_generator_py.so
[31.373s] -- Symlinking: /root/ws/src/install/turtlesim/local/lib/python3.10/dist-packages/turtlesim/msg/__init__.py
[31.380s] -- Symlinking: /root/ws/src/install/turtlesim/local/lib/python3.10/dist-packages/turtlesim/msg/_color.py
[31.388s] -- Symlinking: /root/ws/src/install/turtlesim/local/lib/python3.10/dist-packages/turtlesim/msg/_color_s.c
[31.394s] -- Symlinking: /root/ws/src/install/turtlesim/local/lib/python3.10/dist-packages/turtlesim/msg/_pose.py
[31.401s] -- Symlinking: /root/ws/src/install/turtlesim/local/lib/python3.10/dist-packages/turtlesim/msg/_pose_s.c
[31.409s] -- Symlinking: /root/ws/src/install/turtlesim/local/lib/python3.10/dist-packages/turtlesim/srv/__init__.py
[31.416s] -- Symlinking: /root/ws/src/install/turtlesim/local/lib/python3.10/dist-packages/turtlesim/srv/_kill.py
[31.423s] -- Symlinking: /root/ws/src/install/turtlesim/local/lib/python3.10/dist-packages/turtlesim/srv/_kill_s.c
[31.430s] -- Symlinking: /root/ws/src/install/turtlesim/local/lib/python3.10/dist-packages/turtlesim/srv/_set_pen.py
[31.437s] -- Symlinking: /root/ws/src/install/turtlesim/local/lib/python3.10/dist-packages/turtlesim/srv/_set_pen_s.c
[31.445s] -- Symlinking: /root/ws/src/install/turtlesim/local/lib/python3.10/dist-packages/turtlesim/srv/_spawn.py
[31.453s] -- Symlinking: /root/ws/src/install/turtlesim/local/lib/python3.10/dist-packages/turtlesim/srv/_spawn_s.c
[31.462s] -- Symlinking: /root/ws/src/install/turtlesim/local/lib/python3.10/dist-packages/turtlesim/srv/_teleport_absolute.py
[31.469s] -- Symlinking: /root/ws/src/install/turtlesim/local/lib/python3.10/dist-packages/turtlesim/srv/_teleport_absolute_s.c
[31.476s] -- Symlinking: /root/ws/src/install/turtlesim/local/lib/python3.10/dist-packages/turtlesim/srv/_teleport_relative.py
[31.483s] -- Symlinking: /root/ws/src/install/turtlesim/local/lib/python3.10/dist-packages/turtlesim/srv/_teleport_relative_s.c
[31.490s] -- Symlinking: /root/ws/src/install/turtlesim/local/lib/python3.10/dist-packages/turtlesim/turtlesim_s__rosidl_typesupport_c.cpython-310-x86_64-linux-gnu.so
[31.497s] -- Symlinking: /root/ws/src/install/turtlesim/local/lib/python3.10/dist-packages/turtlesim/turtlesim_s__rosidl_typesupport_fastrtps_c.cpython-310-x86_64-linux-gnu.so
[31.504s] -- Symlinking: /root/ws/src/install/turtlesim/local/lib/python3.10/dist-packages/turtlesim/turtlesim_s__rosidl_typesupport_introspection_c.cpython-310-x86_64-linux-gnu.so
[31.512s] -- Up-to-date symlink: /root/ws/src/install/turtlesim/local/lib/python3.10/dist-packages/turtlesim/turtlesim_s__rosidl_typesupport_fastrtps_c.cpython-310-x86_64-linux-gnu.so
[31.512s] -- Up-to-date symlink: /root/ws/src/install/turtlesim/local/lib/python3.10/dist-packages/turtlesim/turtlesim_s__rosidl_typesupport_introspection_c.cpython-310-x86_64-linux-gnu.so
[31.512s] -- Up-to-date symlink: /root/ws/src/install/turtlesim/local/lib/python3.10/dist-packages/turtlesim/turtlesim_s__rosidl_typesupport_c.cpython-310-x86_64-linux-gnu.so
[31.512s] -- Symlinking: /root/ws/src/install/turtlesim/share/turtlesim/action/RotateAbsolute.idl
[31.519s] -- Symlinking: /root/ws/src/install/turtlesim/share/turtlesim/msg/Color.idl
[31.527s] -- Symlinking: /root/ws/src/install/turtlesim/share/turtlesim/msg/Pose.idl
[31.534s] -- Symlinking: /root/ws/src/install/turtlesim/share/turtlesim/srv/Kill.idl
[31.541s] -- Symlinking: /root/ws/src/install/turtlesim/share/turtlesim/srv/SetPen.idl
[31.548s] -- Symlinking: /root/ws/src/install/turtlesim/share/turtlesim/srv/Spawn.idl
[31.556s] -- Symlinking: /root/ws/src/install/turtlesim/share/turtlesim/srv/TeleportAbsolute.idl
[31.564s] -- Symlinking: /root/ws/src/install/turtlesim/share/turtlesim/srv/TeleportRelative.idl
[31.571s] -- Symlinking: /root/ws/src/install/turtlesim/share/turtlesim/action/RotateAbsolute.action
[31.578s] -- Symlinking: /root/ws/src/install/turtlesim/share/turtlesim/msg/Color.msg
[31.585s] -- Symlinking: /root/ws/src/install/turtlesim/share/turtlesim/msg/Pose.msg
[31.592s] -- Symlinking: /root/ws/src/install/turtlesim/share/turtlesim/srv/Kill.srv
[31.599s] -- Symlinking: /root/ws/src/install/turtlesim/share/turtlesim/srv/Kill_Request.msg
[31.607s] -- Symlinking: /root/ws/src/install/turtlesim/share/turtlesim/srv/Kill_Response.msg
[31.614s] -- Symlinking: /root/ws/src/install/turtlesim/share/turtlesim/srv/SetPen.srv
[31.621s] -- Symlinking: /root/ws/src/install/turtlesim/share/turtlesim/srv/SetPen_Request.msg
[31.628s] -- Symlinking: /root/ws/src/install/turtlesim/share/turtlesim/srv/SetPen_Response.msg
[31.635s] -- Symlinking: /root/ws/src/install/turtlesim/share/turtlesim/srv/Spawn.srv
[31.643s] -- Symlinking: /root/ws/src/install/turtlesim/share/turtlesim/srv/Spawn_Request.msg
[31.650s] -- Symlinking: /root/ws/src/install/turtlesim/share/turtlesim/srv/Spawn_Response.msg
[31.658s] -- Symlinking: /root/ws/src/install/turtlesim/share/turtlesim/srv/TeleportAbsolute.srv
[31.665s] -- Symlinking: /root/ws/src/install/turtlesim/share/turtlesim/srv/TeleportAbsolute_Request.msg
[31.672s] -- Symlinking: /root/ws/src/install/turtlesim/share/turtlesim/srv/TeleportAbsolute_Response.msg
[31.680s] -- Symlinking: /root/ws/src/install/turtlesim/share/turtlesim/srv/TeleportRelative.srv
[31.687s] -- Symlinking: /root/ws/src/install/turtlesim/share/turtlesim/srv/TeleportRelative_Request.msg
[31.695s] -- Symlinking: /root/ws/src/install/turtlesim/share/turtlesim/srv/TeleportRelative_Response.msg
[31.702s] -- Symlinking: /root/ws/src/install/turtlesim/lib/turtlesim/turtlesim_node
[31.709s] -- Symlinking: /root/ws/src/install/turtlesim/lib/turtlesim/turtle_teleop_key
[31.716s] -- Symlinking: /root/ws/src/install/turtlesim/lib/turtlesim/draw_square
[31.723s] -- Symlinking: /root/ws/src/install/turtlesim/lib/turtlesim/mimic
[31.730s] -- Symlinking: /root/ws/src/install/turtlesim/share/turtlesim/launch/multisim.launch.py
[31.738s] -- Symlinking: /root/ws/src/install/turtlesim/share/ament_index/resource_index/package_run_dependencies/turtlesim
[31.745s] -- Symlinking: /root/ws/src/install/turtlesim/share/ament_index/resource_index/parent_prefix_path/turtlesim
[31.753s] -- Symlinking: /root/ws/src/install/turtlesim/share/turtlesim/environment/ament_prefix_path.sh
[31.762s] -- Symlinking: /root/ws/src/install/turtlesim/share/turtlesim/environment/ament_prefix_path.dsv
[31.769s] -- Symlinking: /root/ws/src/install/turtlesim/share/turtlesim/environment/path.sh
[31.777s] -- Symlinking: /root/ws/src/install/turtlesim/share/turtlesim/environment/path.dsv
[31.783s] -- Symlinking: /root/ws/src/install/turtlesim/share/turtlesim/local_setup.bash
[31.790s] -- Symlinking: /root/ws/src/install/turtlesim/share/turtlesim/local_setup.sh
[31.797s] -- Symlinking: /root/ws/src/install/turtlesim/share/turtlesim/local_setup.zsh
[31.804s] -- Symlinking: /root/ws/src/install/turtlesim/share/turtlesim/local_setup.dsv
[31.811s] -- Symlinking: /root/ws/src/install/turtlesim/share/turtlesim/package.dsv
[31.819s] -- Symlinking: /root/ws/src/install/turtlesim/share/ament_index/resource_index/packages/turtlesim
[31.826s] -- Symlinking: /root/ws/src/install/turtlesim/share/turtlesim/cmake/rosidl_cmake-extras.cmake
[31.833s] -- Symlinking: /root/ws/src/install/turtlesim/share/turtlesim/cmake/ament_cmake_export_dependencies-extras.cmake
[31.840s] -- Symlinking: /root/ws/src/install/turtlesim/share/turtlesim/cmake/ament_cmake_export_include_directories-extras.cmake
[31.848s] -- Symlinking: /root/ws/src/install/turtlesim/share/turtlesim/cmake/ament_cmake_export_libraries-extras.cmake
[31.856s] -- Symlinking: /root/ws/src/install/turtlesim/share/turtlesim/cmake/ament_cmake_export_targets-extras.cmake
[31.863s] -- Symlinking: /root/ws/src/install/turtlesim/share/turtlesim/cmake/rosidl_cmake_export_typesupport_targets-extras.cmake
[31.870s] -- Symlinking: /root/ws/src/install/turtlesim/share/turtlesim/cmake/rosidl_cmake_export_typesupport_libraries-extras.cmake
[31.878s] -- Symlinking: /root/ws/src/install/turtlesim/share/turtlesim/cmake/turtlesimConfig.cmake
[31.885s] -- Symlinking: /root/ws/src/install/turtlesim/share/turtlesim/cmake/turtlesimConfig-version.cmake
[31.893s] -- Symlinking: /root/ws/src/install/turtlesim/share/turtlesim/package.xml
[31.900s] -- Installing: /root/ws/src/install/turtlesim/lib/libturtlesim__rosidl_generator_c.so
[31.901s] -- Set runtime path of "/root/ws/src/install/turtlesim/lib/libturtlesim__rosidl_generator_c.so" to ""
[31.901s] -- Installing: /root/ws/src/install/turtlesim/lib/libturtlesim__rosidl_typesupport_fastrtps_c.so
[31.901s] -- Set runtime path of "/root/ws/src/install/turtlesim/lib/libturtlesim__rosidl_typesupport_fastrtps_c.so" to ""
[31.901s] -- Installing: /root/ws/src/install/turtlesim/lib/libturtlesim__rosidl_typesupport_fastrtps_cpp.so
[31.902s] -- Set runtime path of "/root/ws/src/install/turtlesim/lib/libturtlesim__rosidl_typesupport_fastrtps_cpp.so" to ""
[31.902s] -- Installing: /root/ws/src/install/turtlesim/lib/libturtlesim__rosidl_typesupport_introspection_c.so
[31.903s] -- Set runtime path of "/root/ws/src/install/turtlesim/lib/libturtlesim__rosidl_typesupport_introspection_c.so" to ""
[31.903s] -- Installing: /root/ws/src/install/turtlesim/lib/libturtlesim__rosidl_typesupport_c.so
[31.904s] -- Set runtime path of "/root/ws/src/install/turtlesim/lib/libturtlesim__rosidl_typesupport_c.so" to ""
[31.904s] -- Installing: /root/ws/src/install/turtlesim/lib/libturtlesim__rosidl_typesupport_introspection_cpp.so
[31.904s] -- Set runtime path of "/root/ws/src/install/turtlesim/lib/libturtlesim__rosidl_typesupport_introspection_cpp.so" to ""
[31.905s] -- Installing: /root/ws/src/install/turtlesim/lib/libturtlesim__rosidl_typesupport_cpp.so
[31.905s] -- Set runtime path of "/root/ws/src/install/turtlesim/lib/libturtlesim__rosidl_typesupport_cpp.so" to ""
[31.952s] Listing '/root/ws/src/install/turtlesim/local/lib/python3.10/dist-packages/turtlesim'...
[31.952s] Compiling '/root/ws/src/install/turtlesim/local/lib/python3.10/dist-packages/turtlesim/__init__.py'...
[31.952s] Listing '/root/ws/src/install/turtlesim/local/lib/python3.10/dist-packages/turtlesim/action'...
[31.952s] Compiling '/root/ws/src/install/turtlesim/local/lib/python3.10/dist-packages/turtlesim/action/__init__.py'...
[31.952s] Compiling '/root/ws/src/install/turtlesim/local/lib/python3.10/dist-packages/turtlesim/action/_rotate_absolute.py'...
[31.952s] Listing '/root/ws/src/install/turtlesim/local/lib/python3.10/dist-packages/turtlesim/msg'...
[31.952s] Compiling '/root/ws/src/install/turtlesim/local/lib/python3.10/dist-packages/turtlesim/msg/__init__.py'...
[31.953s] Compiling '/root/ws/src/install/turtlesim/local/lib/python3.10/dist-packages/turtlesim/msg/_color.py'...
[31.953s] Compiling '/root/ws/src/install/turtlesim/local/lib/python3.10/dist-packages/turtlesim/msg/_pose.py'...
[31.953s] Listing '/root/ws/src/install/turtlesim/local/lib/python3.10/dist-packages/turtlesim/srv'...
[31.953s] Compiling '/root/ws/src/install/turtlesim/local/lib/python3.10/dist-packages/turtlesim/srv/__init__.py'...
[31.953s] Compiling '/root/ws/src/install/turtlesim/local/lib/python3.10/dist-packages/turtlesim/srv/_kill.py'...
[31.953s] Compiling '/root/ws/src/install/turtlesim/local/lib/python3.10/dist-packages/turtlesim/srv/_set_pen.py'...
[31.953s] Compiling '/root/ws/src/install/turtlesim/local/lib/python3.10/dist-packages/turtlesim/srv/_spawn.py'...
[31.953s] Compiling '/root/ws/src/install/turtlesim/local/lib/python3.10/dist-packages/turtlesim/srv/_teleport_absolute.py'...
[31.953s] Compiling '/root/ws/src/install/turtlesim/local/lib/python3.10/dist-packages/turtlesim/srv/_teleport_relative.py'...
[31.959s] -- Installing: /root/ws/src/install/turtlesim/lib/libturtlesim__rosidl_generator_py.so
[31.960s] -- Set runtime path of "/root/ws/src/install/turtlesim/lib/libturtlesim__rosidl_generator_py.so" to ""
[31.960s] -- Installing: /root/ws/src/install/turtlesim/share/turtlesim/images
[31.960s] -- Installing: /root/ws/src/install/turtlesim/share/turtlesim/images/dashing.png
[31.961s] -- Installing: /root/ws/src/install/turtlesim/share/turtlesim/images/ardent.png
[31.961s] -- Installing: /root/ws/src/install/turtlesim/share/turtlesim/images/rolling.png
[31.961s] -- Installing: /root/ws/src/install/turtlesim/share/turtlesim/images/crystal.png
[31.961s] -- Installing: /root/ws/src/install/turtlesim/share/turtlesim/images/humble.png
[31.961s] -- Installing: /root/ws/src/install/turtlesim/share/turtlesim/images/galactic.png
[31.961s] -- Installing: /root/ws/src/install/turtlesim/share/turtlesim/images/foxy.png
[31.961s] -- Installing: /root/ws/src/install/turtlesim/share/turtlesim/images/eloquent.png
[31.961s] -- Installing: /root/ws/src/install/turtlesim/share/turtlesim/images/bouncy.png
[31.962s] -- Installing: /root/ws/src/install/turtlesim/share/turtlesim/cmake/export_turtlesim__rosidl_generator_cExport.cmake
[31.962s] -- Installing: /root/ws/src/install/turtlesim/share/turtlesim/cmake/export_turtlesim__rosidl_generator_cExport-noconfig.cmake
[31.962s] -- Installing: /root/ws/src/install/turtlesim/share/turtlesim/cmake/export_turtlesim__rosidl_typesupport_fastrtps_cExport.cmake
[31.962s] -- Installing: /root/ws/src/install/turtlesim/share/turtlesim/cmake/export_turtlesim__rosidl_typesupport_fastrtps_cExport-noconfig.cmake
[31.962s] -- Installing: /root/ws/src/install/turtlesim/share/turtlesim/cmake/export_turtlesim__rosidl_generator_cppExport.cmake
[31.962s] -- Installing: /root/ws/src/install/turtlesim/share/turtlesim/cmake/export_turtlesim__rosidl_typesupport_fastrtps_cppExport.cmake
[31.963s] -- Installing: /root/ws/src/install/turtlesim/share/turtlesim/cmake/export_turtlesim__rosidl_typesupport_fastrtps_cppExport-noconfig.cmake
[31.963s] -- Installing: /root/ws/src/install/turtlesim/share/turtlesim/cmake/turtlesim__rosidl_typesupport_introspection_cExport.cmake
[31.963s] -- Installing: /root/ws/src/install/turtlesim/share/turtlesim/cmake/turtlesim__rosidl_typesupport_introspection_cExport-noconfig.cmake
[31.963s] -- Installing: /root/ws/src/install/turtlesim/share/turtlesim/cmake/turtlesim__rosidl_typesupport_cExport.cmake
[31.963s] -- Installing: /root/ws/src/install/turtlesim/share/turtlesim/cmake/turtlesim__rosidl_typesupport_cExport-noconfig.cmake
[31.963s] -- Installing: /root/ws/src/install/turtlesim/share/turtlesim/cmake/turtlesim__rosidl_typesupport_introspection_cppExport.cmake
[31.964s] -- Installing: /root/ws/src/install/turtlesim/share/turtlesim/cmake/turtlesim__rosidl_typesupport_introspection_cppExport-noconfig.cmake
[31.964s] -- Installing: /root/ws/src/install/turtlesim/share/turtlesim/cmake/turtlesim__rosidl_typesupport_cppExport.cmake
[31.964s] -- Installing: /root/ws/src/install/turtlesim/share/turtlesim/cmake/turtlesim__rosidl_typesupport_cppExport-noconfig.cmake
[31.964s] -- Installing: /root/ws/src/install/turtlesim/share/turtlesim/cmake/export_turtlesim__rosidl_generator_pyExport.cmake
[31.964s] -- Installing: /root/ws/src/install/turtlesim/share/turtlesim/cmake/export_turtlesim__rosidl_generator_pyExport-noconfig.cmake
[31.967s] Invoked command in '/root/ws/src/build/turtlesim' returned '0': CMAKE_PREFIX_PATH=/opt/ros/humble /usr/bin/cmake --install /root/ws/src/build/turtlesim
