[0.015s] Invoking command in '/root/ws/src/build/turtlesim': /usr/bin/cmake /root/ws/src/ros_tutorials/turtlesim -DCMAKE_INSTALL_PREFIX=/root/ws/src/install/turtlesim
[0.027s] -- Found ament_cmake: 1.3.2 (/opt/ros/humble/share/ament_cmake/cmake)
[0.122s] Traceback (most recent call last):
[0.122s]   File "/opt/ros/humble/share/ament_cmake_core/cmake/package_templates/templates_2_cmake.py", line 21, in <module>
[0.122s]     from ament_package.templates import get_environment_hook_template_path
[0.123s] ModuleNotFoundError: No module named 'ament_package'
[0.126s] [31mCMake Error at /opt/ros/humble/share/ament_cmake_core/cmake/ament_cmake_package_templates-extras.cmake:41 (message):
[0.126s]   execute_process(/usr/bin/python3.10
[0.126s]   /opt/ros/humble/share/ament_cmake_core/cmake/package_templates/templates_2_cmake.py
[0.126s]   /root/ws/src/build/turtlesim/ament_cmake_package_templates/templates.cmake)
[0.127s]   returned error code 1
[0.127s] Call Stack (most recent call first):
[0.127s]   /opt/ros/humble/share/ament_cmake_core/cmake/ament_cmake_coreConfig.cmake:41 (include)
[0.127s]   /opt/ros/humble/share/ament_cmake/cmake/ament_cmake_export_dependencies-extras.cmake:15 (find_package)
[0.127s]   /opt/ros/humble/share/ament_cmake/cmake/ament_cmakeConfig.cmake:41 (include)
[0.127s]   CMakeLists.txt:12 (find_package)
[0.127s] 
[0.127s] [0m
[0.128s] -- Configuring incomplete, errors occurred!
[0.128s] See also "/root/ws/src/build/turtlesim/CMakeFiles/CMakeOutput.log".
[0.130s] Invoked command in '/root/ws/src/build/turtlesim' returned '1': /usr/bin/cmake /root/ws/src/ros_tutorials/turtlesim -DCMAKE_INSTALL_PREFIX=/root/ws/src/install/turtlesim
